Arguments: 
  C:\Program Files\nodejs\node.exe C:\Program Files (x86)\Yarn\bin\yarn.js install

PATH: 
  C:\WINDOWS\system32;C:\WINDOWS;C:\WINDOWS\System32\Wbem;C:\WINDOWS\System32\WindowsPowerShell\v1.0\;C:\WINDOWS\System32\OpenSSH\;C:\Program Files (x86)\Yarn\bin\;C:\Program Files\Git\cmd;C:\Program Files\nodejs\;C:\Users\user\AppData\Local\Microsoft\WindowsApps;C:\Users\user\AppData\Local\Yarn\bin;C:\Users\user\AppData\Roaming\npm;;D:\Projects\WebSocket-chat\WebSocket-chat-server\node_modules\.bin

Yarn version: 
  1.22.19

Node version: 
  16.13.0

Platform: 
  win32 x64

Trace: 
  Error: https://registry.yarnpkg.com/@types%2f%20express: Not found
      at Request.params.callback [as _callback] (C:\Program Files (x86)\Yarn\lib\cli.js:66145:18)
      at Request.self.callback (C:\Program Files (x86)\Yarn\lib\cli.js:140890:22)
      at Request.emit (node:events:390:28)
      at Request.<anonymous> (C:\Program Files (x86)\Yarn\lib\cli.js:141862:10)
      at Request.emit (node:events:390:28)
      at IncomingMessage.<anonymous> (C:\Program Files (x86)\Yarn\lib\cli.js:141784:12)
      at Object.onceWrapper (node:events:509:28)
      at IncomingMessage.emit (node:events:402:35)
      at endReadableNT (node:internal/streams/readable:1343:12)
      at processTicksAndRejections (node:internal/process/task_queues:83:21)

npm manifest: 
  {
    "name": "web-socket-chat-server",
    "version": "1.0.0",
    "description": "",
    "main": "index.js",
    "scripts": {
      "start-dev": "nodemon --inspect dist/app.js",
      "watch-dev": "tsc -w",
      "build": "tsc",
      "start": "node index.js"
    },
    "dependencies": {
      "@types/cors": "^2.8.13",
      "@types/ express": "4.17.1",
      "@types/node": "^12.0.10",
      "@types/socket.io": "^2.1.11",
      "body-parser": "^1.20.0",
      "cors": "^2.8.5",
      "express": "4.17.1",
      "mongoose": "^6.6.5",
      "nodemon": "1.19.1",
      "socket.io": "^2.3.0",
      "typescript": "^5.0.4"
    },
    "author": "",
    "license": "ISC"
  }

yarn manifest: 
  No manifest

Lockfile: 
  # THIS IS AN AUTOGENERATED FILE. DO NOT EDIT THIS FILE DIRECTLY.
  # yarn lockfile v1
  
  
  "@aws-crypto/ie11-detection@^3.0.0":
    version "3.0.0"
    resolved "https://registry.npmjs.org/@aws-crypto/ie11-detection/-/ie11-detection-3.0.0.tgz"
    integrity sha512-341lBBkiY1DfDNKai/wXM3aujNBkXR7tq1URPQDL9wi3AUbI80NR74uF1TXHMm7po1AcnFk8iu2S2IeU/+/A+Q==
    dependencies:
      tslib "^1.11.1"
  
  "@aws-crypto/sha256-browser@3.0.0":
    version "3.0.0"
    resolved "https://registry.npmjs.org/@aws-crypto/sha256-browser/-/sha256-browser-3.0.0.tgz"
    integrity sha512-8VLmW2B+gjFbU5uMeqtQM6Nj0/F1bro80xQXCW6CQBWgosFWXTx77aeOF5CAIAmbOK64SdMBJdNr6J41yP5mvQ==
    dependencies:
      "@aws-crypto/ie11-detection" "^3.0.0"
      "@aws-crypto/sha256-js" "^3.0.0"
      "@aws-crypto/supports-web-crypto" "^3.0.0"
      "@aws-crypto/util" "^3.0.0"
      "@aws-sdk/types" "^3.222.0"
      "@aws-sdk/util-locate-window" "^3.0.0"
      "@aws-sdk/util-utf8-browser" "^3.0.0"
      tslib "^1.11.1"
  
  "@aws-crypto/sha256-js@3.0.0", "@aws-crypto/sha256-js@^3.0.0":
    version "3.0.0"
    resolved "https://registry.npmjs.org/@aws-crypto/sha256-js/-/sha256-js-3.0.0.tgz"
    integrity sha512-PnNN7os0+yd1XvXAy23CFOmTbMaDxgxXtTKHybrJ39Y8kGzBATgBFibWJKH6BhytLI/Zyszs87xCOBNyBig6vQ==
    dependencies:
      "@aws-crypto/util" "^3.0.0"
      "@aws-sdk/types" "^3.222.0"
      tslib "^1.11.1"
  
  "@aws-crypto/supports-web-crypto@^3.0.0":
    version "3.0.0"
    resolved "https://registry.npmjs.org/@aws-crypto/supports-web-crypto/-/supports-web-crypto-3.0.0.tgz"
    integrity sha512-06hBdMwUAb2WFTuGG73LSC0wfPu93xWwo5vL2et9eymgmu3Id5vFAHBbajVWiGhPO37qcsdCap/FqXvJGJWPIg==
    dependencies:
      tslib "^1.11.1"
  
  "@aws-crypto/util@^3.0.0":
    version "3.0.0"
    resolved "https://registry.npmjs.org/@aws-crypto/util/-/util-3.0.0.tgz"
    integrity sha512-2OJlpeJpCR48CC8r+uKVChzs9Iungj9wkZrl8Z041DWEWvyIHILYKCPNzJghKsivj+S3mLo6BVc7mBNzdxA46w==
    dependencies:
      "@aws-sdk/types" "^3.222.0"
      "@aws-sdk/util-utf8-browser" "^3.0.0"
      tslib "^1.11.1"
  
  "@aws-sdk/abort-controller@3.341.0":
    version "3.341.0"
    resolved "https://registry.npmjs.org/@aws-sdk/abort-controller/-/abort-controller-3.341.0.tgz"
    integrity sha512-D27hLlUPJTM4rNtMBPduD1vdPSmbUs0Eat8DZWCv3bg+v60loairha87oYL5x6Kj4IhbK93shI1OfzbxDqG1Yw==
    dependencies:
      "@aws-sdk/types" "3.341.0"
      tslib "^2.5.0"
  
  "@aws-sdk/client-cognito-identity@3.341.0":
    version "3.341.0"
    resolved "https://registry.npmjs.org/@aws-sdk/client-cognito-identity/-/client-cognito-identity-3.341.0.tgz"
    integrity sha512-lE/2gwxijDSxtspzgiByzCqqmtkYzU1AEO5mb9pMfyZE9Bce+bnzcIm0ib4qD6JHnAaYQmHIt1AF3zkIx6dmHA==
    dependencies:
      "@aws-crypto/sha256-browser" "3.0.0"
      "@aws-crypto/sha256-js" "3.0.0"
      "@aws-sdk/client-sts" "3.341.0"
      "@aws-sdk/config-resolver" "3.341.0"
      "@aws-sdk/credential-provider-node" "3.341.0"
      "@aws-sdk/fetch-http-handler" "3.341.0"
      "@aws-sdk/hash-node" "3.341.0"
      "@aws-sdk/invalid-dependency" "3.341.0"
      "@aws-sdk/middleware-content-length" "3.341.0"
      "@aws-sdk/middleware-endpoint" "3.341.0"
      "@aws-sdk/middleware-host-header" "3.341.0"
      "@aws-sdk/middleware-logger" "3.341.0"
      "@aws-sdk/middleware-recursion-detection" "3.341.0"
      "@aws-sdk/middleware-retry" "3.341.0"
      "@aws-sdk/middleware-serde" "3.341.0"
      "@aws-sdk/middleware-signing" "3.341.0"
      "@aws-sdk/middleware-stack" "3.341.0"
      "@aws-sdk/middleware-user-agent" "3.341.0"
      "@aws-sdk/node-config-provider" "3.341.0"
      "@aws-sdk/node-http-handler" "3.341.0"
      "@aws-sdk/smithy-client" "3.341.0"
      "@aws-sdk/types" "3.341.0"
      "@aws-sdk/url-parser" "3.341.0"
      "@aws-sdk/util-base64" "3.310.0"
      "@aws-sdk/util-body-length-browser" "3.310.0"
      "@aws-sdk/util-body-length-node" "3.310.0"
      "@aws-sdk/util-defaults-mode-browser" "3.341.0"
      "@aws-sdk/util-defaults-mode-node" "3.341.0"
      "@aws-sdk/util-endpoints" "3.341.0"
      "@aws-sdk/util-retry" "3.341.0"
      "@aws-sdk/util-user-agent-browser" "3.341.0"
      "@aws-sdk/util-user-agent-node" "3.341.0"
      "@aws-sdk/util-utf8" "3.310.0"
      "@smithy/protocol-http" "^1.0.1"
      "@smithy/types" "^1.0.0"
      tslib "^2.5.0"
  
  "@aws-sdk/client-sso-oidc@3.341.0":
    version "3.341.0"
    resolved "https://registry.npmjs.org/@aws-sdk/client-sso-oidc/-/client-sso-oidc-3.341.0.tgz"
    integrity sha512-BjG4E7E1StsHCM0Mex7EZA6oPMQ+PLZY5axr554ErYxlzYlzE8b/Aq3N/mCCqeUSIdz4zAGr8di7XYCUB3CRdg==
    dependencies:
      "@aws-crypto/sha256-browser" "3.0.0"
      "@aws-crypto/sha256-js" "3.0.0"
      "@aws-sdk/config-resolver" "3.341.0"
      "@aws-sdk/fetch-http-handler" "3.341.0"
      "@aws-sdk/hash-node" "3.341.0"
      "@aws-sdk/invalid-dependency" "3.341.0"
      "@aws-sdk/middleware-content-length" "3.341.0"
      "@aws-sdk/middleware-endpoint" "3.341.0"
      "@aws-sdk/middleware-host-header" "3.341.0"
      "@aws-sdk/middleware-logger" "3.341.0"
      "@aws-sdk/middleware-recursion-detection" "3.341.0"
      "@aws-sdk/middleware-retry" "3.341.0"
      "@aws-sdk/middleware-serde" "3.341.0"
      "@aws-sdk/middleware-stack" "3.341.0"
      "@aws-sdk/middleware-user-agent" "3.341.0"
      "@aws-sdk/node-config-provider" "3.341.0"
      "@aws-sdk/node-http-handler" "3.341.0"
      "@aws-sdk/smithy-client" "3.341.0"
      "@aws-sdk/types" "3.341.0"
      "@aws-sdk/url-parser" "3.341.0"
      "@aws-sdk/util-base64" "3.310.0"
      "@aws-sdk/util-body-length-browser" "3.310.0"
      "@aws-sdk/util-body-length-node" "3.310.0"
      "@aws-sdk/util-defaults-mode-browser" "3.341.0"
      "@aws-sdk/util-defaults-mode-node" "3.341.0"
      "@aws-sdk/util-endpoints" "3.341.0"
      "@aws-sdk/util-retry" "3.341.0"
      "@aws-sdk/util-user-agent-browser" "3.341.0"
      "@aws-sdk/util-user-agent-node" "3.341.0"
      "@aws-sdk/util-utf8" "3.310.0"
      "@smithy/protocol-http" "^1.0.1"
      "@smithy/types" "^1.0.0"
      tslib "^2.5.0"
  
  "@aws-sdk/client-sso@3.341.0":
    version "3.341.0"
    resolved "https://registry.npmjs.org/@aws-sdk/client-sso/-/client-sso-3.341.0.tgz"
    integrity sha512-RWFKz3DBgEy92mce3TTgcq/UOKr/LKNyC189M8UXhWRyyoaQpE9gIyHUQwuh7a2bbnI7XKgpa2rO54Ns0rFJzw==
    dependencies:
      "@aws-crypto/sha256-browser" "3.0.0"
      "@aws-crypto/sha256-js" "3.0.0"
      "@aws-sdk/config-resolver" "3.341.0"
      "@aws-sdk/fetch-http-handler" "3.341.0"
      "@aws-sdk/hash-node" "3.341.0"
      "@aws-sdk/invalid-dependency" "3.341.0"
      "@aws-sdk/middleware-content-length" "3.341.0"
      "@aws-sdk/middleware-endpoint" "3.341.0"
      "@aws-sdk/middleware-host-header" "3.341.0"
      "@aws-sdk/middleware-logger" "3.341.0"
      "@aws-sdk/middleware-recursion-detection" "3.341.0"
      "@aws-sdk/middleware-retry" "3.341.0"
      "@aws-sdk/middleware-serde" "3.341.0"
      "@aws-sdk/middleware-stack" "3.341.0"
      "@aws-sdk/middleware-user-agent" "3.341.0"
      "@aws-sdk/node-config-provider" "3.341.0"
      "@aws-sdk/node-http-handler" "3.341.0"
      "@aws-sdk/smithy-client" "3.341.0"
      "@aws-sdk/types" "3.341.0"
      "@aws-sdk/url-parser" "3.341.0"
      "@aws-sdk/util-base64" "3.310.0"
      "@aws-sdk/util-body-length-browser" "3.310.0"
      "@aws-sdk/util-body-length-node" "3.310.0"
      "@aws-sdk/util-defaults-mode-browser" "3.341.0"
      "@aws-sdk/util-defaults-mode-node" "3.341.0"
      "@aws-sdk/util-endpoints" "3.341.0"
      "@aws-sdk/util-retry" "3.341.0"
      "@aws-sdk/util-user-agent-browser" "3.341.0"
      "@aws-sdk/util-user-agent-node" "3.341.0"
      "@aws-sdk/util-utf8" "3.310.0"
      "@smithy/protocol-http" "^1.0.1"
      "@smithy/types" "^1.0.0"
      tslib "^2.5.0"
  
  "@aws-sdk/client-sts@3.341.0":
    version "3.341.0"
    resolved "https://registry.npmjs.org/@aws-sdk/client-sts/-/client-sts-3.341.0.tgz"
    integrity sha512-Ec8lzyPkd7N6VE4O73RuY04hgxMSXCD+uyWmYCoCCuamAx+xEP4ifVL0spApr8tttm51QLBgc01pVKNL62Oprw==
    dependencies:
      "@aws-crypto/sha256-browser" "3.0.0"
      "@aws-crypto/sha256-js" "3.0.0"
      "@aws-sdk/config-resolver" "3.341.0"
      "@aws-sdk/credential-provider-node" "3.341.0"
      "@aws-sdk/fetch-http-handler" "3.341.0"
      "@aws-sdk/hash-node" "3.341.0"
      "@aws-sdk/invalid-dependency" "3.341.0"
      "@aws-sdk/middleware-content-length" "3.341.0"
      "@aws-sdk/middleware-endpoint" "3.341.0"
      "@aws-sdk/middleware-host-header" "3.341.0"
      "@aws-sdk/middleware-logger" "3.341.0"
      "@aws-sdk/middleware-recursion-detection" "3.341.0"
      "@aws-sdk/middleware-retry" "3.341.0"
      "@aws-sdk/middleware-sdk-sts" "3.341.0"
      "@aws-sdk/middleware-serde" "3.341.0"
      "@aws-sdk/middleware-signing" "3.341.0"
      "@aws-sdk/middleware-stack" "3.341.0"
      "@aws-sdk/middleware-user-agent" "3.341.0"
      "@aws-sdk/node-config-provider" "3.341.0"
      "@aws-sdk/node-http-handler" "3.341.0"
      "@aws-sdk/smithy-client" "3.341.0"
      "@aws-sdk/types" "3.341.0"
      "@aws-sdk/url-parser" "3.341.0"
      "@aws-sdk/util-base64" "3.310.0"
      "@aws-sdk/util-body-length-browser" "3.310.0"
      "@aws-sdk/util-body-length-node" "3.310.0"
      "@aws-sdk/util-defaults-mode-browser" "3.341.0"
      "@aws-sdk/util-defaults-mode-node" "3.341.0"
      "@aws-sdk/util-endpoints" "3.341.0"
      "@aws-sdk/util-retry" "3.341.0"
      "@aws-sdk/util-user-agent-browser" "3.341.0"
      "@aws-sdk/util-user-agent-node" "3.341.0"
      "@aws-sdk/util-utf8" "3.310.0"
      "@smithy/protocol-http" "^1.0.1"
      "@smithy/types" "^1.0.0"
      fast-xml-parser "4.1.2"
      tslib "^2.5.0"
  
  "@aws-sdk/config-resolver@3.341.0":
    version "3.341.0"
    resolved "https://registry.npmjs.org/@aws-sdk/config-resolver/-/config-resolver-3.341.0.tgz"
    integrity sha512-BpU6JTvT2SJLrsKxe4hjDDVbFnLc5iRcD+dwF/uV4rltFlXPOhqrx1S4NtRLpRaT3oYwA3DnBGC5CkV6QHWW5Q==
    dependencies:
      "@aws-sdk/types" "3.341.0"
      "@aws-sdk/util-config-provider" "3.310.0"
      "@aws-sdk/util-middleware" "3.341.0"
      tslib "^2.5.0"
  
  "@aws-sdk/credential-provider-cognito-identity@3.341.0":
    version "3.341.0"
    resolved "https://registry.npmjs.org/@aws-sdk/credential-provider-cognito-identity/-/credential-provider-cognito-identity-3.341.0.tgz"
    integrity sha512-yUmcM/NmWvHG25uMeC1A2aDO5yiitz0w5fzPgP6DkVV36xKWdYX99V6oE5UnLYKVXgUA0nciuYzv0A57ZqP/0g==
    dependencies:
      "@aws-sdk/client-cognito-identity" "3.341.0"
      "@aws-sdk/property-provider" "3.341.0"
      "@aws-sdk/types" "3.341.0"
      tslib "^2.5.0"
  
  "@aws-sdk/credential-provider-env@3.341.0":
    version "3.341.0"
    resolved "https://registry.npmjs.org/@aws-sdk/credential-provider-env/-/credential-provider-env-3.341.0.tgz"
    integrity sha512-oqFMmGvtKjqcY6Io4CweHz0blgyyZtlfxWJbttPK7dSLk9EtRUuvVilcRtzXWXuAB2hk9zUN9wavd8nyaTcidA==
    dependencies:
      "@aws-sdk/property-provider" "3.341.0"
      "@aws-sdk/types" "3.341.0"
      tslib "^2.5.0"
  
  "@aws-sdk/credential-provider-imds@3.341.0":
    version "3.341.0"
    resolved "https://registry.npmjs.org/@aws-sdk/credential-provider-imds/-/credential-provider-imds-3.341.0.tgz"
    integrity sha512-dkvc7WcKxFR0KgAScbRQ16wg0qH8tKxaVS3hfgHDYJR4UIKqV/sM6r5H2OvAdegY9/T180O2srtq2N4pyywPSQ==
    dependencies:
      "@aws-sdk/node-config-provider" "3.341.0"
      "@aws-sdk/property-provider" "3.341.0"
      "@aws-sdk/types" "3.341.0"
      "@aws-sdk/url-parser" "3.341.0"
      tslib "^2.5.0"
  
  "@aws-sdk/credential-provider-ini@3.341.0":
    version "3.341.0"
    resolved "https://registry.npmjs.org/@aws-sdk/credential-provider-ini/-/credential-provider-ini-3.341.0.tgz"
    integrity sha512-o+44n3VFErRNOHZi4Psbu0JQWB7RT15QJzRtYquAPohgKNDT9jQ/VN0JesEVyktpIklsPJBNAbDb68fExsjKUg==
    dependencies:
      "@aws-sdk/credential-provider-env" "3.341.0"
      "@aws-sdk/credential-provider-imds" "3.341.0"
      "@aws-sdk/credential-provider-process" "3.341.0"
      "@aws-sdk/credential-provider-sso" "3.341.0"
      "@aws-sdk/credential-provider-web-identity" "3.341.0"
      "@aws-sdk/property-provider" "3.341.0"
      "@aws-sdk/shared-ini-file-loader" "3.341.0"
      "@aws-sdk/types" "3.341.0"
      tslib "^2.5.0"
  
  "@aws-sdk/credential-provider-node@3.341.0":
    version "3.341.0"
    resolved "https://registry.npmjs.org/@aws-sdk/credential-provider-node/-/credential-provider-node-3.341.0.tgz"
    integrity sha512-O4gxP5PLu86361sGgnyxcwP5L2Ek7N65KM3MYJNgDpXRig+FP/pxBmdOtYkTYJYymPspGxnsNM6p2tbARJ1WMw==
    dependencies:
      "@aws-sdk/credential-provider-env" "3.341.0"
      "@aws-sdk/credential-provider-imds" "3.341.0"
      "@aws-sdk/credential-provider-ini" "3.341.0"
      "@aws-sdk/credential-provider-process" "3.341.0"
      "@aws-sdk/credential-provider-sso" "3.341.0"
      "@aws-sdk/credential-provider-web-identity" "3.341.0"
      "@aws-sdk/property-provider" "3.341.0"
      "@aws-sdk/shared-ini-file-loader" "3.341.0"
      "@aws-sdk/types" "3.341.0"
      tslib "^2.5.0"
  
  "@aws-sdk/credential-provider-process@3.341.0":
    version "3.341.0"
    resolved "https://registry.npmjs.org/@aws-sdk/credential-provider-process/-/credential-provider-process-3.341.0.tgz"
    integrity sha512-t+12surwkdZO7dAdtA7xz+O6Hk0H3yOVqXH+Y8UINXbFc9/uUgstPZq5qhpQIeDPRes/lqYUiZ4tho5mhpGItw==
    dependencies:
      "@aws-sdk/property-provider" "3.341.0"
      "@aws-sdk/shared-ini-file-loader" "3.341.0"
      "@aws-sdk/types" "3.341.0"
      tslib "^2.5.0"
  
  "@aws-sdk/credential-provider-sso@3.341.0":
    version "3.341.0"
    resolved "https://registry.npmjs.org/@aws-sdk/credential-provider-sso/-/credential-provider-sso-3.341.0.tgz"
    integrity sha512-ooOntFPVwawHO8WwwTSDFysno+nZFt1+GPlAr9N9QxIWQSRZYLaNFeplnxT/58jJoMcyHH5JjY4Zu4g46htmkw==
    dependencies:
      "@aws-sdk/client-sso" "3.341.0"
      "@aws-sdk/property-provider" "3.341.0"
      "@aws-sdk/shared-ini-file-loader" "3.341.0"
      "@aws-sdk/token-providers" "3.341.0"
      "@aws-sdk/types" "3.341.0"
      tslib "^2.5.0"
  
  "@aws-sdk/credential-provider-web-identity@3.341.0":
    version "3.341.0"
    resolved "https://registry.npmjs.org/@aws-sdk/credential-provider-web-identity/-/credential-provider-web-identity-3.341.0.tgz"
    integrity sha512-NxoyxnxiycO1IG3FG7/soE3CYLLwuc4pv5PWoMHwy6VjH5yiUIeC8CQHHCF5ndCvB/p5XW1TT5z3YmWKknGqaw==
    dependencies:
      "@aws-sdk/property-provider" "3.341.0"
      "@aws-sdk/types" "3.341.0"
      tslib "^2.5.0"
  
  "@aws-sdk/credential-providers@^3.186.0":
    version "3.341.0"
    resolved "https://registry.npmjs.org/@aws-sdk/credential-providers/-/credential-providers-3.341.0.tgz"
    integrity sha512-5AxouRjLA1Jq52JJHZPgpgA04p2R6T0LzIIRIVEyZjK2wB5sIRmv2isoih546tHerrFf01MboaGfJEBMdUWXjw==
    dependencies:
      "@aws-sdk/client-cognito-identity" "3.341.0"
      "@aws-sdk/client-sso" "3.341.0"
      "@aws-sdk/client-sts" "3.341.0"
      "@aws-sdk/credential-provider-cognito-identity" "3.341.0"
      "@aws-sdk/credential-provider-env" "3.341.0"
      "@aws-sdk/credential-provider-imds" "3.341.0"
      "@aws-sdk/credential-provider-ini" "3.341.0"
      "@aws-sdk/credential-provider-node" "3.341.0"
      "@aws-sdk/credential-provider-process" "3.341.0"
      "@aws-sdk/credential-provider-sso" "3.341.0"
      "@aws-sdk/credential-provider-web-identity" "3.341.0"
      "@aws-sdk/property-provider" "3.341.0"
      "@aws-sdk/types" "3.341.0"
      tslib "^2.5.0"
  
  "@aws-sdk/fetch-http-handler@3.341.0":
    version "3.341.0"
    resolved "https://registry.npmjs.org/@aws-sdk/fetch-http-handler/-/fetch-http-handler-3.341.0.tgz"
    integrity sha512-GclHYOFKmhft9Bp+wX4CgVv4q48P/md/xiKN7kJpGUvazCRhBN7DqfcvMoMCPhobh+llYSefyiqJBxEccEq/TA==
    dependencies:
      "@aws-sdk/protocol-http" "3.341.0"
      "@aws-sdk/querystring-builder" "3.341.0"
      "@aws-sdk/types" "3.341.0"
      "@aws-sdk/util-base64" "3.310.0"
      tslib "^2.5.0"
  
  "@aws-sdk/hash-node@3.341.0":
    version "3.341.0"
    resolved "https://registry.npmjs.org/@aws-sdk/hash-node/-/hash-node-3.341.0.tgz"
    integrity sha512-legGgjmhQnA8veIuVjJEVNE18YIhWj6JaLNm47xgiBbEoZ1BApoBY1GsX1AunV6FrA18fRpCeTynW3u4MVIIow==
    dependencies:
      "@aws-sdk/types" "3.341.0"
      "@aws-sdk/util-buffer-from" "3.310.0"
      "@aws-sdk/util-utf8" "3.310.0"
      tslib "^2.5.0"
  
  "@aws-sdk/invalid-dependency@3.341.0":
    version "3.341.0"
    resolved "https://registry.npmjs.org/@aws-sdk/invalid-dependency/-/invalid-dependency-3.341.0.tgz"
    integrity sha512-1GNk+J/Q76bzuj27OqPOqTmFGEYXtyB02afn0cIeadDf0qbjo3G7qkRd3jrJrBIdHNg+DYbBYEHfFB5EuK1s8g==
    dependencies:
      "@aws-sdk/types" "3.341.0"
      tslib "^2.5.0"
  
  "@aws-sdk/is-array-buffer@3.310.0":
    version "3.310.0"
    resolved "https://registry.npmjs.org/@aws-sdk/is-array-buffer/-/is-array-buffer-3.310.0.tgz"
    integrity sha512-urnbcCR+h9NWUnmOtet/s4ghvzsidFmspfhYaHAmSRdy9yDjdjBJMFjjsn85A1ODUktztm+cVncXjQ38WCMjMQ==
    dependencies:
      tslib "^2.5.0"
  
  "@aws-sdk/middleware-content-length@3.341.0":
    version "3.341.0"
    resolved "https://registry.npmjs.org/@aws-sdk/middleware-content-length/-/middleware-content-length-3.341.0.tgz"
    integrity sha512-m663QyL1qvMnXOsXUtLvQz5B5l1kulQMTOwVxxhefPxO0nZbIlXdMQurEOwI1FHfaMnR8UQ1FfPLY6GIkJkX/g==
    dependencies:
      "@aws-sdk/protocol-http" "3.341.0"
      "@aws-sdk/types" "3.341.0"
      tslib "^2.5.0"
  
  "@aws-sdk/middleware-endpoint@3.341.0":
    version "3.341.0"
    resolved "https://registry.npmjs.org/@aws-sdk/middleware-endpoint/-/middleware-endpoint-3.341.0.tgz"
    integrity sha512-IucQO8JjAjxnA+7RI1tkxOjUtpuUpkS3v56u5vk6Oypq1iovVBvD8yiFBR2wPh9X/O+3Ts7eWsZ4jhuf4JQQUQ==
    dependencies:
      "@aws-sdk/middleware-serde" "3.341.0"
      "@aws-sdk/types" "3.341.0"
      "@aws-sdk/url-parser" "3.341.0"
      "@aws-sdk/util-middleware" "3.341.0"
      tslib "^2.5.0"
  
  "@aws-sdk/middleware-host-header@3.341.0":
    version "3.341.0"
    resolved "https://registry.npmjs.org/@aws-sdk/middleware-host-header/-/middleware-host-header-3.341.0.tgz"
    integrity sha512-1AidcDDtGd7LUGtDV+F+FuLb6NmBlpupY2FpuqasUDH5f7ExcEbPaGYjOp4ozktQ6Qb0c0oJ4qxhv5sDos5Qww==
    dependencies:
      "@aws-sdk/protocol-http" "3.341.0"
      "@aws-sdk/types" "3.341.0"
      tslib "^2.5.0"
  
  "@aws-sdk/middleware-logger@3.341.0":
    version "3.341.0"
    resolved "https://registry.npmjs.org/@aws-sdk/middleware-logger/-/middleware-logger-3.341.0.tgz"
    integrity sha512-JQgnPQMlNs542SL/ANbQSWbPMeWeY4+GW/fEfSRgM9uVBZaKPO5dZW7F761odxoK7f3qPSujEZb0ECmTYaEqgg==
    dependencies:
      "@aws-sdk/types" "3.341.0"
      tslib "^2.5.0"
  
  "@aws-sdk/middleware-recursion-detection@3.341.0":
    version "3.341.0"
    resolved "https://registry.npmjs.org/@aws-sdk/middleware-recursion-detection/-/middleware-recursion-detection-3.341.0.tgz"
    integrity sha512-DAfZgW7Bb4MB4ZHsjAhiaCXKqTeUFWazrgmNHAa8FkSE8MmgJv/4k8tvnWDtxkAO2GBOwqg7wG9LspeBG/RGMw==
    dependencies:
      "@aws-sdk/protocol-http" "3.341.0"
      "@aws-sdk/types" "3.341.0"
      tslib "^2.5.0"
  
  "@aws-sdk/middleware-retry@3.341.0":
    version "3.341.0"
    resolved "https://registry.npmjs.org/@aws-sdk/middleware-retry/-/middleware-retry-3.341.0.tgz"
    integrity sha512-EyL2N4ohUQc4CdlccydPuybd4ngVx12MTSIGQVc0PcMZ39ayPbgYOZyCkAGb1rRCEIMayMrF9hF4GfNo4BvV5g==
    dependencies:
      "@aws-sdk/protocol-http" "3.341.0"
      "@aws-sdk/service-error-classification" "3.341.0"
      "@aws-sdk/types" "3.341.0"
      "@aws-sdk/util-middleware" "3.341.0"
      "@aws-sdk/util-retry" "3.341.0"
      tslib "^2.5.0"
      uuid "^8.3.2"
  
  "@aws-sdk/middleware-sdk-sts@3.341.0":
    version "3.341.0"
    resolved "https://registry.npmjs.org/@aws-sdk/middleware-sdk-sts/-/middleware-sdk-sts-3.341.0.tgz"
    integrity sha512-A7sXKhL9wzVqeq7sy3eWx7D5FPWdzrJTVpRRBYez/qBY4UjfLcxF9zpB0mw/xhQ7PUta7iJ5tSlPmZZQ4MBnmg==
    dependencies:
      "@aws-sdk/middleware-signing" "3.341.0"
      "@aws-sdk/types" "3.341.0"
      tslib "^2.5.0"
  
  "@aws-sdk/middleware-serde@3.341.0":
    version "3.341.0"
    resolved "https://registry.npmjs.org/@aws-sdk/middleware-serde/-/middleware-serde-3.341.0.tgz"
    integrity sha512-FaPpbEGo/OETxnexg+TYet71fP6dM+y3NPXRUrd5dAulVhmr+CkdzOxqkqtMC1HinKAqHdUpjlsuf7gYg14deQ==
    dependencies:
      "@aws-sdk/types" "3.341.0"
      tslib "^2.5.0"
  
  "@aws-sdk/middleware-signing@3.341.0":
    version "3.341.0"
    resolved "https://registry.npmjs.org/@aws-sdk/middleware-signing/-/middleware-signing-3.341.0.tgz"
    integrity sha512-KbyBIblgrGRizFJF3sLvx+ON84qOBHrDztNc++Xg2/UmdjLuEtm1sVvpQ2SxrKcfumx+ztVOuDpbD5pd0lBkOA==
    dependencies:
      "@aws-sdk/property-provider" "3.341.0"
      "@aws-sdk/protocol-http" "3.341.0"
      "@aws-sdk/signature-v4" "3.341.0"
      "@aws-sdk/types" "3.341.0"
      "@aws-sdk/util-middleware" "3.341.0"
      tslib "^2.5.0"
  
  "@aws-sdk/middleware-stack@3.341.0":
    version "3.341.0"
    resolved "https://registry.npmjs.org/@aws-sdk/middleware-stack/-/middleware-stack-3.341.0.tgz"
    integrity sha512-pBAN9T4tBSHp7gJKu0Ma0MepZqP3GvecEh7eZWwTrJrRMgY1k8M1zpUOXBFG6EVRzVdyy7A4DWSuD4kcXE+BIw==
    dependencies:
      tslib "^2.5.0"
  
  "@aws-sdk/middleware-user-agent@3.341.0":
    version "3.341.0"
    resolved "https://registry.npmjs.org/@aws-sdk/middleware-user-agent/-/middleware-user-agent-3.341.0.tgz"
    integrity sha512-9gpVXPMkgwv0yV1Lbuc9bvb3MHLEjj5whgbM1WNrtRiogeFwWB0cxOQQgb2cY+xgQLMLnH7VvfRGN79TNVnI7w==
    dependencies:
      "@aws-sdk/protocol-http" "3.341.0"
      "@aws-sdk/types" "3.341.0"
      "@aws-sdk/util-endpoints" "3.341.0"
      tslib "^2.5.0"
  
  "@aws-sdk/node-config-provider@3.341.0":
    version "3.341.0"
    resolved "https://registry.npmjs.org/@aws-sdk/node-config-provider/-/node-config-provider-3.341.0.tgz"
    integrity sha512-Le/WSf9t0ItrHuGhOlEPiA+J/nYpYJaC1WgLefRG9j17xKF/fp7X+XSylF1xQ+cOMbHFMi7SNcXRhyfwFreU0w==
    dependencies:
      "@aws-sdk/property-provider" "3.341.0"
      "@aws-sdk/shared-ini-file-loader" "3.341.0"
      "@aws-sdk/types" "3.341.0"
      tslib "^2.5.0"
  
  "@aws-sdk/node-http-handler@3.341.0":
    version "3.341.0"
    resolved "https://registry.npmjs.org/@aws-sdk/node-http-handler/-/node-http-handler-3.341.0.tgz"
    integrity sha512-pXkX1amhWhkgffs76bf+pR814JnBUa199Nb6Wm2l20LLPgSsQrRX0IwucM/KtAdEhFeJTR8bLhRJBzrm3ONMwQ==
    dependencies:
      "@aws-sdk/abort-controller" "3.341.0"
      "@aws-sdk/protocol-http" "3.341.0"
      "@aws-sdk/querystring-builder" "3.341.0"
      "@aws-sdk/types" "3.341.0"
      tslib "^2.5.0"
  
  "@aws-sdk/property-provider@3.341.0":
    version "3.341.0"
    resolved "https://registry.npmjs.org/@aws-sdk/property-provider/-/property-provider-3.341.0.tgz"
    integrity sha512-5Ynks9iUS/VJcZa/J3c5G+XAaUw4SkWltQp4Y7dzWpJXS3AaUm9gby7DsWYopbH5dLeeSmvKENHTsKpsM5pQoQ==
    dependencies:
      "@aws-sdk/types" "3.341.0"
      tslib "^2.5.0"
  
  "@aws-sdk/protocol-http@3.341.0":
    version "3.341.0"
    resolved "https://registry.npmjs.org/@aws-sdk/protocol-http/-/protocol-http-3.341.0.tgz"
    integrity sha512-Av+qcOA+gYXWgYYtzbTn2goHGlNdt+nbrzhUI6dWczYPzBe8aNnMR5d/ACNt0mD7O41muULmSTQBHOKBmOmNJA==
    dependencies:
      "@aws-sdk/types" "3.341.0"
      tslib "^2.5.0"
  
  "@aws-sdk/querystring-builder@3.341.0":
    version "3.341.0"
    resolved "https://registry.npmjs.org/@aws-sdk/querystring-builder/-/querystring-builder-3.341.0.tgz"
    integrity sha512-71RNU1VB8tSfqeu9t61YWDmMS/5C9NH8ua6LXb5HGzlnq68BSLq3lGa4zx/h2K0OpZ6ERUORFdw6pmqA17pDmg==
    dependencies:
      "@aws-sdk/types" "3.341.0"
      "@aws-sdk/util-uri-escape" "3.310.0"
      tslib "^2.5.0"
  
  "@aws-sdk/querystring-parser@3.341.0":
    version "3.341.0"
    resolved "https://registry.npmjs.org/@aws-sdk/querystring-parser/-/querystring-parser-3.341.0.tgz"
    integrity sha512-7O61bRUdo2x73TTeyyriibLpx9tUPO13gBdI9oHpJTZEkOiUYxoxjMdo5s7ofis12MdmzelqIUjPmAvJNtB5wA==
    dependencies:
      "@aws-sdk/types" "3.341.0"
      tslib "^2.5.0"
  
  "@aws-sdk/service-error-classification@3.341.0":
    version "3.341.0"
    resolved "https://registry.npmjs.org/@aws-sdk/service-error-classification/-/service-error-classification-3.341.0.tgz"
    integrity sha512-mqf9rV/j8Ry2RWDQsaJDPyDm/VDQ4ZDdmi8rzm/AeSgEDaNWublt31zlWtgUWfjISfTtbBgzI48n6ZBJqyYmUA==
  
  "@aws-sdk/shared-ini-file-loader@3.341.0":
    version "3.341.0"
    resolved "https://registry.npmjs.org/@aws-sdk/shared-ini-file-loader/-/shared-ini-file-loader-3.341.0.tgz"
    integrity sha512-/ikCc2XRL8zG//EB2g6SXFvMMa7KD2T8RpM4dYEisdvHDoF9khVX3/SLLUs2Y32rr1x9tnh7X9DdV8lX9MP/ZA==
    dependencies:
      "@aws-sdk/types" "3.341.0"
      tslib "^2.5.0"
  
  "@aws-sdk/signature-v4@3.341.0":
    version "3.341.0"
    resolved "https://registry.npmjs.org/@aws-sdk/signature-v4/-/signature-v4-3.341.0.tgz"
    integrity sha512-4nWgDiw68lEFBwrQY1JsKBvcMmcRhClpWzi3iKHwU1PJogId6g4XRU89Zo0QzBQihmFZIKklRSF/150pbNGdcg==
    dependencies:
      "@aws-sdk/is-array-buffer" "3.310.0"
      "@aws-sdk/types" "3.341.0"
      "@aws-sdk/util-hex-encoding" "3.310.0"
      "@aws-sdk/util-middleware" "3.341.0"
      "@aws-sdk/util-uri-escape" "3.310.0"
      "@aws-sdk/util-utf8" "3.310.0"
      tslib "^2.5.0"
  
  "@aws-sdk/smithy-client@3.341.0":
    version "3.341.0"
    resolved "https://registry.npmjs.org/@aws-sdk/smithy-client/-/smithy-client-3.341.0.tgz"
    integrity sha512-4ReKR+UciZ012W8OimFZfGy1LRZeWcl/i7h6lTIiXasni4Q+5k1rqneCRtJpBgfB5YbJg4EawmWxsxChrX9pwQ==
    dependencies:
      "@aws-sdk/middleware-stack" "3.341.0"
      "@aws-sdk/types" "3.341.0"
      tslib "^2.5.0"
  
  "@aws-sdk/token-providers@3.341.0":
    version "3.341.0"
    resolved "https://registry.npmjs.org/@aws-sdk/token-providers/-/token-providers-3.341.0.tgz"
    integrity sha512-PNskQMWVV6hUTPZmwcfAU0nknY0+Ge60ZVdNx6B4bpor6oEXl/jUCDOmymyHJl85LiIN7AZDrwq1gpdsDDVhZw==
    dependencies:
      "@aws-sdk/client-sso-oidc" "3.341.0"
      "@aws-sdk/property-provider" "3.341.0"
      "@aws-sdk/shared-ini-file-loader" "3.341.0"
      "@aws-sdk/types" "3.341.0"
      tslib "^2.5.0"
  
  "@aws-sdk/types@3.341.0", "@aws-sdk/types@^3.222.0":
    version "3.341.0"
    resolved "https://registry.npmjs.org/@aws-sdk/types/-/types-3.341.0.tgz"
    integrity sha512-2KJf64BhJly/Ty35oWKlCElIqUP4kQ0LA+meSrgAmwl7oE0AYuO7V0ar1nsTGlsubYkLRvOuEhMcuNuumaUdoQ==
    dependencies:
      tslib "^2.5.0"
  
  "@aws-sdk/url-parser@3.341.0":
    version "3.341.0"
    resolved "https://registry.npmjs.org/@aws-sdk/url-parser/-/url-parser-3.341.0.tgz"
    integrity sha512-pAT+4Yp3NkHKnLhYjbFj9DGKTRavBIVoe0fbQLm1G/MD11FAlUOlswf5EYFjgz0wfdgnbyFE3ai837/eO0fGjw==
    dependencies:
      "@aws-sdk/querystring-parser" "3.341.0"
      "@aws-sdk/types" "3.341.0"
      tslib "^2.5.0"
  
  "@aws-sdk/util-base64@3.310.0":
    version "3.310.0"
    resolved "https://registry.npmjs.org/@aws-sdk/util-base64/-/util-base64-3.310.0.tgz"
    integrity sha512-v3+HBKQvqgdzcbL+pFswlx5HQsd9L6ZTlyPVL2LS9nNXnCcR3XgGz9jRskikRUuUvUXtkSG1J88GAOnJ/apTPg==
    dependencies:
      "@aws-sdk/util-buffer-from" "3.310.0"
      tslib "^2.5.0"
  
  "@aws-sdk/util-body-length-browser@3.310.0":
    version "3.310.0"
    resolved "https://registry.npmjs.org/@aws-sdk/util-body-length-browser/-/util-body-length-browser-3.310.0.tgz"
    integrity sha512-sxsC3lPBGfpHtNTUoGXMQXLwjmR0zVpx0rSvzTPAuoVILVsp5AU/w5FphNPxD5OVIjNbZv9KsKTuvNTiZjDp9g==
    dependencies:
      tslib "^2.5.0"
  
  "@aws-sdk/util-body-length-node@3.310.0":
    version "3.310.0"
    resolved "https://registry.npmjs.org/@aws-sdk/util-body-length-node/-/util-body-length-node-3.310.0.tgz"
    integrity sha512-2tqGXdyKhyA6w4zz7UPoS8Ip+7sayOg9BwHNidiGm2ikbDxm1YrCfYXvCBdwaJxa4hJfRVz+aL9e+d3GqPI9pQ==
    dependencies:
      tslib "^2.5.0"
  
  "@aws-sdk/util-buffer-from@3.310.0":
    version "3.310.0"
    resolved "https://registry.npmjs.org/@aws-sdk/util-buffer-from/-/util-buffer-from-3.310.0.tgz"
    integrity sha512-i6LVeXFtGih5Zs8enLrt+ExXY92QV25jtEnTKHsmlFqFAuL3VBeod6boeMXkN2p9lbSVVQ1sAOOYZOHYbYkntw==
    dependencies:
      "@aws-sdk/is-array-buffer" "3.310.0"
      tslib "^2.5.0"
  
  "@aws-sdk/util-config-provider@3.310.0":
    version "3.310.0"
    resolved "https://registry.npmjs.org/@aws-sdk/util-config-provider/-/util-config-provider-3.310.0.tgz"
    integrity sha512-xIBaYo8dwiojCw8vnUcIL4Z5tyfb1v3yjqyJKJWV/dqKUFOOS0U591plmXbM+M/QkXyML3ypon1f8+BoaDExrg==
    dependencies:
      tslib "^2.5.0"
  
  "@aws-sdk/util-defaults-mode-browser@3.341.0":
    version "3.341.0"
    resolved "https://registry.npmjs.org/@aws-sdk/util-defaults-mode-browser/-/util-defaults-mode-browser-3.341.0.tgz"
    integrity sha512-FjZg0T/7lcEgeMTdC8iMaNcHlHwqVzS0FlyUdJrMZqXEo70h3KlByijv8N9VlV8XQUfiCPuTNlhpLpDEDMdtbw==
    dependencies:
      "@aws-sdk/property-provider" "3.341.0"
      "@aws-sdk/types" "3.341.0"
      bowser "^2.11.0"
      tslib "^2.5.0"
  
  "@aws-sdk/util-defaults-mode-node@3.341.0":
    version "3.341.0"
    resolved "https://registry.npmjs.org/@aws-sdk/util-defaults-mode-node/-/util-defaults-mode-node-3.341.0.tgz"
    integrity sha512-I943vmtUHqOdHvWCCnO3Vv/XXKCZ4O3XPNl9jvIC8m0n6CXqf7qjs9R72t3PQCTBAbsbIRGfkKMKfH2ab5ci/g==
    dependencies:
      "@aws-sdk/config-resolver" "3.341.0"
      "@aws-sdk/credential-provider-imds" "3.341.0"
      "@aws-sdk/node-config-provider" "3.341.0"
      "@aws-sdk/property-provider" "3.341.0"
      "@aws-sdk/types" "3.341.0"
      tslib "^2.5.0"
  
  "@aws-sdk/util-endpoints@3.341.0":
    version "3.341.0"
    resolved "https://registry.npmjs.org/@aws-sdk/util-endpoints/-/util-endpoints-3.341.0.tgz"
    integrity sha512-J15adxRV+YwWasOcCHDZoxXXQS7l8yBgWbId2ozGond/GwHifKhElF0RX9QKB4R/Vq1Cj7WVTyQsugYJAlLWrw==
    dependencies:
      "@aws-sdk/types" "3.341.0"
      tslib "^2.5.0"
  
  "@aws-sdk/util-hex-encoding@3.310.0":
    version "3.310.0"
    resolved "https://registry.npmjs.org/@aws-sdk/util-hex-encoding/-/util-hex-encoding-3.310.0.tgz"
    integrity sha512-sVN7mcCCDSJ67pI1ZMtk84SKGqyix6/0A1Ab163YKn+lFBQRMKexleZzpYzNGxYzmQS6VanP/cfU7NiLQOaSfA==
    dependencies:
      tslib "^2.5.0"
  
  "@aws-sdk/util-locate-window@^3.0.0":
    version "3.310.0"
    resolved "https://registry.npmjs.org/@aws-sdk/util-locate-window/-/util-locate-window-3.310.0.tgz"
    integrity sha512-qo2t/vBTnoXpjKxlsC2e1gBrRm80M3bId27r0BRB2VniSSe7bL1mmzM+/HFtujm0iAxtPM+aLEflLJlJeDPg0w==
    dependencies:
      tslib "^2.5.0"
  
  "@aws-sdk/util-middleware@3.341.0":
    version "3.341.0"
    resolved "https://registry.npmjs.org/@aws-sdk/util-middleware/-/util-middleware-3.341.0.tgz"
    integrity sha512-JsuZGZw9pMYMHzaJW31Y3Zl1Dh/R2PNVxnlQPsPy37RhHoSLPZ6wR9G828Y1ZY2thBpR+DU3D/VfNJOxBmWGkw==
    dependencies:
      tslib "^2.5.0"
  
  "@aws-sdk/util-retry@3.341.0":
    version "3.341.0"
    resolved "https://registry.npmjs.org/@aws-sdk/util-retry/-/util-retry-3.341.0.tgz"
    integrity sha512-UxAZiajjj65Zi9Q8PJ53vGydsa6dv9ZJC+bfO70czGGTWjB+L7kb2UoRdtGo9NBzRTFYXV6OjP6yBw5yFb39kw==
    dependencies:
      "@aws-sdk/service-error-classification" "3.341.0"
      tslib "^2.5.0"
  
  "@aws-sdk/util-uri-escape@3.310.0":
    version "3.310.0"
    resolved "https://registry.npmjs.org/@aws-sdk/util-uri-escape/-/util-uri-escape-3.310.0.tgz"
    integrity sha512-drzt+aB2qo2LgtDoiy/3sVG8w63cgLkqFIa2NFlGpUgHFWTXkqtbgf4L5QdjRGKWhmZsnqkbtL7vkSWEcYDJ4Q==
    dependencies:
      tslib "^2.5.0"
  
  "@aws-sdk/util-user-agent-browser@3.341.0":
    version "3.341.0"
    resolved "https://registry.npmjs.org/@aws-sdk/util-user-agent-browser/-/util-user-agent-browser-3.341.0.tgz"
    integrity sha512-VCgWM03lbcfjBQFhJJcF7Gs+XKxdtSYuK5txFiXy/glin5eCY+9VB3vqMrYwvEgIlwZynUYXvh9+OkU2AeRaBg==
    dependencies:
      "@aws-sdk/types" "3.341.0"
      bowser "^2.11.0"
      tslib "^2.5.0"
  
  "@aws-sdk/util-user-agent-node@3.341.0":
    version "3.341.0"
    resolved "https://registry.npmjs.org/@aws-sdk/util-user-agent-node/-/util-user-agent-node-3.341.0.tgz"
    integrity sha512-ac1VcSQOn4fhif51hoSZtrfkFGZHNqXXv2mWzNo1xgsyDwCJh2/H6fPBBGtjT3TNc/o5yOuyBFRP4BIjJ5GkPA==
    dependencies:
      "@aws-sdk/node-config-provider" "3.341.0"
      "@aws-sdk/types" "3.341.0"
      tslib "^2.5.0"
  
  "@aws-sdk/util-utf8-browser@^3.0.0":
    version "3.259.0"
    resolved "https://registry.npmjs.org/@aws-sdk/util-utf8-browser/-/util-utf8-browser-3.259.0.tgz"
    integrity sha512-UvFa/vR+e19XookZF8RzFZBrw2EUkQWxiBW0yYQAhvk3C+QVGl0H3ouca8LDBlBfQKXwmW3huo/59H8rwb1wJw==
    dependencies:
      tslib "^2.3.1"
  
  "@aws-sdk/util-utf8@3.310.0":
    version "3.310.0"
    resolved "https://registry.npmjs.org/@aws-sdk/util-utf8/-/util-utf8-3.310.0.tgz"
    integrity sha512-DnLfFT8uCO22uOJc0pt0DsSNau1GTisngBCDw8jQuWT5CqogMJu4b/uXmwEqfj8B3GX6Xsz8zOd6JpRlPftQoA==
    dependencies:
      "@aws-sdk/util-buffer-from" "3.310.0"
      tslib "^2.5.0"
  
  "@smithy/protocol-http@^1.0.1":
    version "1.0.1"
    resolved "https://registry.npmjs.org/@smithy/protocol-http/-/protocol-http-1.0.1.tgz"
    integrity sha512-9OrEn0WfOVtBNYJUjUAn9AOiJ4lzERCJJ/JeZs8E6yajTGxBaFRxUnNBHiNqoDJVg076hY36UmEnPx7xXrvUSg==
    dependencies:
      "@smithy/types" "^1.0.0"
      tslib "^2.5.0"
  
  "@smithy/types@^1.0.0":
    version "1.0.0"
    resolved "https://registry.npmjs.org/@smithy/types/-/types-1.0.0.tgz"
    integrity sha512-kc1m5wPBHQCTixwuaOh9vnak/iJm21DrSf9UK6yDE5S3mQQ4u11pqAUiKWnlrZnYkeLfAI9UEHj9OaMT1v5Umg==
    dependencies:
      tslib "^2.5.0"
  
  "@types/body-parser@*":
    version "1.19.2"
    resolved "https://registry.yarnpkg.com/@types/body-parser/-/body-parser-1.19.2.tgz#aea2059e28b7658639081347ac4fab3de166e6f0"
    integrity sha512-ALYone6pm6QmwZoAgeyNksccT9Q4AWZQ6PvfwR37GT6r6FWUPguq6sUmNGSMV2Wr761oQoBxwGGa6DR5o1DC9g==
    dependencies:
      "@types/connect" "*"
      "@types/node" "*"
  
  "@types/connect@*":
    version "3.4.35"
    resolved "https://registry.yarnpkg.com/@types/connect/-/connect-3.4.35.tgz#5fcf6ae445e4021d1fc2219a4873cc73a3bb2ad1"
    integrity sha512-cdeYyv4KWoEgpBISTxWvqYsVy444DOqehiF3fM3ne10AmJ62RSyNkUnxMJXHQWRQQX2eR94m5y1IZyDwBjV9FQ==
    dependencies:
      "@types/node" "*"
  
  "@types/cors@^2.8.13":
    version "2.8.13"
    resolved "https://registry.yarnpkg.com/@types/cors/-/cors-2.8.13.tgz#b8ade22ba455a1b8cb3b5d3f35910fd204f84f94"
    integrity sha512-RG8AStHlUiV5ysZQKq97copd2UmVYw3/pRMLefISZ3S1hK104Cwm7iLQ3fTKx+lsUH2CE8FlLaYeEA2LSeqYUA==
    dependencies:
      "@types/node" "*"
  
  "@types/engine.io@*":
    version "3.1.7"
    resolved "https://registry.yarnpkg.com/@types/engine.io/-/engine.io-3.1.7.tgz#86e541a5dc52fb7e97735383564a6ae4cfe2e8f5"
    integrity sha512-qNjVXcrp+1sS8YpRUa714r0pgzOwESdW5UjHL7D/2ZFdBX0BXUXtg1LUrp+ylvqbvMcMWUy73YpRoxPN2VoKAQ==
    dependencies:
      "@types/node" "*"
  
  "@types/express-serve-static-core@^4.17.33":
    version "4.17.35"
    resolved "https://registry.yarnpkg.com/@types/express-serve-static-core/-/express-serve-static-core-4.17.35.tgz#c95dd4424f0d32e525d23812aa8ab8e4d3906c4f"
    integrity sha512-wALWQwrgiB2AWTT91CB62b6Yt0sNHpznUXeZEcnPU3DRdlDIz74x8Qg1UUYKSVFi+va5vKOLYRBI1bRKiLLKIg==
    dependencies:
      "@types/node" "*"
      "@types/qs" "*"
      "@types/range-parser" "*"
      "@types/send" "*"
  
  "@types/express@^4.17.17":
    version "4.17.17"
    resolved "https://registry.yarnpkg.com/@types/express/-/express-4.17.17.tgz#01d5437f6ef9cfa8668e616e13c2f2ac9a491ae4"
    integrity sha512-Q4FmmuLGBG58btUnfS1c1r/NQdlp3DMfGDGig8WhfpA2YRUtEkxAjkZb0yvplJGYdF1fsQ81iMDcH24sSCNC/Q==
    dependencies:
      "@types/body-parser" "*"
      "@types/express-serve-static-core" "^4.17.33"
      "@types/qs" "*"
      "@types/serve-static" "*"
  
  "@types/mime@*":
    version "3.0.1"
    resolved "https://registry.yarnpkg.com/@types/mime/-/mime-3.0.1.tgz#5f8f2bca0a5863cb69bc0b0acd88c96cb1d4ae10"
    integrity sha512-Y4XFY5VJAuw0FgAqPNd6NNoV44jbq9Bz2L7Rh/J6jLTiHBSBJa9fxqQIvkIld4GsoDOcCbvzOUAbLPsSKKg+uA==
  
  "@types/mime@^1":
    version "1.3.2"
    resolved "https://registry.yarnpkg.com/@types/mime/-/mime-1.3.2.tgz#93e25bf9ee75fe0fd80b594bc4feb0e862111b5a"
    integrity sha512-YATxVxgRqNH6nHEIsvg6k2Boc1JHI9ZbH5iWFFv/MTkchz3b1ieGDa5T0a9RznNdI0KhVbdbWSN+KWWrQZRxTw==
  
  "@types/node@*", "@types/node@^12.0.10":
    version "12.20.55"
    resolved "https://registry.npmjs.org/@types/node/-/node-12.20.55.tgz"
    integrity sha512-J8xLz7q2OFulZ2cyGTLE1TbbZcjpno7FaN6zdJNrgAdrJ+DZzh/uFR6YrTb4C+nXakvud8Q4+rbhoIWlYQbUFQ==
  
  "@types/qs@*":
    version "6.9.7"
    resolved "https://registry.yarnpkg.com/@types/qs/-/qs-6.9.7.tgz#63bb7d067db107cc1e457c303bc25d511febf6cb"
    integrity sha512-FGa1F62FT09qcrueBA6qYTrJPVDzah9a+493+o2PCXsesWHIn27G98TsSMs3WPNbZIEj4+VJf6saSFpvD+3Zsw==
  
  "@types/range-parser@*":
    version "1.2.4"
    resolved "https://registry.yarnpkg.com/@types/range-parser/-/range-parser-1.2.4.tgz#cd667bcfdd025213aafb7ca5915a932590acdcdc"
    integrity sha512-EEhsLsD6UsDM1yFhAvy0Cjr6VwmpMWqFBCb9w07wVugF7w9nfajxLuVmngTIpgS6svCnm6Vaw+MZhoDCKnOfsw==
  
  "@types/send@*":
    version "0.17.1"
    resolved "https://registry.yarnpkg.com/@types/send/-/send-0.17.1.tgz#ed4932b8a2a805f1fe362a70f4e62d0ac994e301"
    integrity sha512-Cwo8LE/0rnvX7kIIa3QHCkcuF21c05Ayb0ZfxPiv0W8VRiZiNW/WuRupHKpqqGVGf7SUA44QSOUKaEd9lIrd/Q==
    dependencies:
      "@types/mime" "^1"
      "@types/node" "*"
  
  "@types/serve-static@*":
    version "1.15.1"
    resolved "https://registry.yarnpkg.com/@types/serve-static/-/serve-static-1.15.1.tgz#86b1753f0be4f9a1bee68d459fcda5be4ea52b5d"
    integrity sha512-NUo5XNiAdULrJENtJXZZ3fHtfMolzZwczzBbnAeBbqBwG+LaG6YaJtuwzwGSQZ2wsCrxjEhNNjAkKigy3n8teQ==
    dependencies:
      "@types/mime" "*"
      "@types/node" "*"
  
  "@types/socket.io-parser@*":
    version "3.0.0"
    resolved "https://registry.yarnpkg.com/@types/socket.io-parser/-/socket.io-parser-3.0.0.tgz#9726d3ab9235757a0a30dd5ccf8975dce54e5e2c"
    integrity sha512-Ry/rbTE6HQNL9eu3LpL1Ocup5VexXu1bSSGlSho/IR5LuRc8YvxwSNJ3JxqTltVJEATLbZkMQETSbxfKNgp4Ew==
    dependencies:
      socket.io-parser "*"
  
  "@types/socket.io@^2.1.11":
    version "2.1.13"
    resolved "https://registry.yarnpkg.com/@types/socket.io/-/socket.io-2.1.13.tgz#b6d694234e99956c96ff99e197eda824b6f9dc48"
    integrity sha512-JRgH3nCgsWel4OPANkhH8TelpXvacAJ9VeryjuqCDiaVDMpLysd6sbt0dr6Z15pqH3p2YpOT3T1C5vQ+O/7uyg==
    dependencies:
      "@types/engine.io" "*"
      "@types/node" "*"
      "@types/socket.io-parser" "*"
  
  "@types/webidl-conversions@*":
    version "7.0.0"
    resolved "https://registry.npmjs.org/@types/webidl-conversions/-/webidl-conversions-7.0.0.tgz"
    integrity sha512-xTE1E+YF4aWPJJeUzaZI5DRntlkY3+BCVJi0axFptnjGmAoWxkyREIh/XMrfxVLejwQxMCfDXdICo0VLxThrog==
  
  "@types/whatwg-url@^8.2.1":
    version "8.2.2"
    resolved "https://registry.npmjs.org/@types/whatwg-url/-/whatwg-url-8.2.2.tgz"
    integrity sha512-FtQu10RWgn3D9U4aazdwIE2yzphmTJREDqNdODHrbrZmmMqI0vMheC/6NE/J1Yveaj8H+ela+YwWTjq5PGmuhA==
    dependencies:
      "@types/node" "*"
      "@types/webidl-conversions" "*"
  
  abbrev@1:
    version "1.1.1"
    resolved "https://registry.npmjs.org/abbrev/-/abbrev-1.1.1.tgz"
    integrity sha512-nne9/IiQ/hzIhY6pdDnbBtz7DjPTKrY00P/zvPSm5pOFkl6xuGrGnXn/VtTNNfNtAfZ9/1RtehkszU9qcTii0Q==
  
  accepts@~1.3.4, accepts@~1.3.8:
    version "1.3.8"
    resolved "https://registry.npmjs.org/accepts/-/accepts-1.3.8.tgz"
    integrity sha512-PYAthTa2m2VKxuvSD3DPC/Gy+U+sOA1LAuT8mkmRuvw+NACSaeXEQ+NHcVF7rONl6qcaxV3Uuemwawk+7+SJLw==
    dependencies:
      mime-types "~2.1.34"
      negotiator "0.6.3"
  
  after@0.8.2:
    version "0.8.2"
    resolved "https://registry.yarnpkg.com/after/-/after-0.8.2.tgz#fedb394f9f0e02aa9768e702bda23b505fae7e1f"
    integrity sha512-QbJ0NTQ/I9DI3uSJA4cbexiwQeRAfjPScqIbSjUDd9TOrcg6pTkdgziesOqxBMBzit8vFCTwrP27t13vFOORRA==
  
  anymatch@~3.1.2:
    version "3.1.3"
    resolved "https://registry.npmjs.org/anymatch/-/anymatch-3.1.3.tgz"
    integrity sha512-KMReFUr0B4t+D+OBkjR3KYqvocp2XaSzO55UcB6mgQMd3KbcE+mWTyvVV7D/zsdEbNnV6acZUutkiHQXvTr1Rw==
    dependencies:
      normalize-path "^3.0.0"
      picomatch "^2.0.4"
  
  array-flatten@1.1.1:
    version "1.1.1"
    resolved "https://registry.npmjs.org/array-flatten/-/array-flatten-1.1.1.tgz"
    integrity sha512-PCVAQswWemu6UdxsDFFX/+gVeYqKAod3D3UVm91jHwynguOwAvYPhx8nNlM++NqRcK6CxxpUafjmhIdKiHibqg==
  
  arraybuffer.slice@~0.0.7:
    version "0.0.7"
    resolved "https://registry.yarnpkg.com/arraybuffer.slice/-/arraybuffer.slice-0.0.7.tgz#3bbc4275dd584cc1b10809b89d4e8b63a69e7675"
    integrity sha512-wGUIVQXuehL5TCqQun8OW81jGzAWycqzFF8lFp+GOM5BXLYj3bKNsYC4daB7n6XjCqxQA/qgTJ+8ANR3acjrog==
  
  backo2@1.0.2:
    version "1.0.2"
    resolved "https://registry.yarnpkg.com/backo2/-/backo2-1.0.2.tgz#31ab1ac8b129363463e35b3ebb69f4dfcfba7947"
    integrity sha512-zj6Z6M7Eq+PBZ7PQxl5NT665MvJdAkzp0f60nAJ+sLaSCBPMwVak5ZegFbgVCzFcCJTKFoMizvM5Ld7+JrRJHA==
  
  balanced-match@^1.0.0:
    version "1.0.2"
    resolved "https://registry.npmjs.org/balanced-match/-/balanced-match-1.0.2.tgz"
    integrity sha512-3oSeUO0TMV67hN1AmbXsK4yaqU7tjiHlbxRDZOpH0KW9+CeX4bRAaX0Anxt0tx2MrpRpWwQaPwIlISEJhYU5Pw==
  
  base64-arraybuffer@0.1.4:
    version "0.1.4"
    resolved "https://registry.yarnpkg.com/base64-arraybuffer/-/base64-arraybuffer-0.1.4.tgz#9818c79e059b1355f97e0428a017c838e90ba812"
    integrity sha512-a1eIFi4R9ySrbiMuyTGx5e92uRH5tQY6kArNcFaKBUleIoLjdjBg7Zxm3Mqm3Kmkf27HLR/1fnxX9q8GQ7Iavg==
  
  base64-js@^1.3.1:
    version "1.5.1"
    resolved "https://registry.npmjs.org/base64-js/-/base64-js-1.5.1.tgz"
    integrity sha512-AKpaYlHn8t4SVbOHCy+b5+KKgvR4vrsD8vbvrbiQJps7fKDTkjkDry6ji0rUJjC0kzbNePLwzxq8iypo41qeWA==
  
  base64id@2.0.0:
    version "2.0.0"
    resolved "https://registry.npmjs.org/base64id/-/base64id-2.0.0.tgz"
    integrity sha512-lGe34o6EHj9y3Kts9R4ZYs/Gr+6N7MCaMlIFA3F1R2O5/m7K06AxfSeO5530PEERE6/WyEg3lsuyw4GHlPZHog==
  
  binary-extensions@^2.0.0:
    version "2.2.0"
    resolved "https://registry.npmjs.org/binary-extensions/-/binary-extensions-2.2.0.tgz"
    integrity sha512-jDctJ/IVQbZoJykoeHbhXpOlNBqGNcwXJKJog42E5HDPUwQTSdjCHdihjj0DlnheQ7blbT6dHOafNAiS8ooQKA==
  
  blob@0.0.5:
    version "0.0.5"
    resolved "https://registry.yarnpkg.com/blob/-/blob-0.0.5.tgz#d680eeef25f8cd91ad533f5b01eed48e64caf683"
    integrity sha512-gaqbzQPqOoamawKg0LGVd7SzLgXS+JH61oWprSLH+P+abTczqJbhTR8CmJ2u9/bUYNmHTGJx/UEmn6doAvvuig==
  
  body-parser@1.20.1:
    version "1.20.1"
    resolved "https://registry.npmjs.org/body-parser/-/body-parser-1.20.1.tgz"
    integrity sha512-jWi7abTbYwajOytWCQc37VulmWiRae5RyTpaCyDcS5/lMdtwSz5lOpDE67srw/HYe35f1z3fDQw+3txg7gNtWw==
    dependencies:
      bytes "3.1.2"
      content-type "~1.0.4"
      debug "2.6.9"
      depd "2.0.0"
      destroy "1.2.0"
      http-errors "2.0.0"
      iconv-lite "0.4.24"
      on-finished "2.4.1"
      qs "6.11.0"
      raw-body "2.5.1"
      type-is "~1.6.18"
      unpipe "1.0.0"
  
  body-parser@^1.20.0:
    version "1.20.2"
    resolved "https://registry.npmjs.org/body-parser/-/body-parser-1.20.2.tgz"
    integrity sha512-ml9pReCu3M61kGlqoTm2umSXTlRTuGTx0bfYj+uIUKKYycG5NtSbeetV3faSU6R7ajOPw0g/J1PvK4qNy7s5bA==
    dependencies:
      bytes "3.1.2"
      content-type "~1.0.5"
      debug "2.6.9"
      depd "2.0.0"
      destroy "1.2.0"
      http-errors "2.0.0"
      iconv-lite "0.4.24"
      on-finished "2.4.1"
      qs "6.11.0"
      raw-body "2.5.2"
      type-is "~1.6.18"
      unpipe "1.0.0"
  
  bowser@^2.11.0:
    version "2.11.0"
    resolved "https://registry.npmjs.org/bowser/-/bowser-2.11.0.tgz"
    integrity sha512-AlcaJBi/pqqJBIQ8U9Mcpc9i8Aqxn88Skv5d+xBX006BY5u8N3mGLHa5Lgppa7L/HfwgwLgZ6NYs+Ag6uUmJRA==
  
  brace-expansion@^1.1.7:
    version "1.1.11"
    resolved "https://registry.npmjs.org/brace-expansion/-/brace-expansion-1.1.11.tgz"
    integrity sha512-iCuPHDFgrHX7H2vEI/5xpz07zSHB00TpugqhmYtVmMO6518mCuRMoOYFldEBl0g187ufozdaHgWKcYFb61qGiA==
    dependencies:
      balanced-match "^1.0.0"
      concat-map "0.0.1"
  
  braces@~3.0.2:
    version "3.0.2"
    resolved "https://registry.npmjs.org/braces/-/braces-3.0.2.tgz"
    integrity sha512-b8um+L1RzM3WDSzvhm6gIz1yfTbBt6YTlcEKAvsmqCZZFw46z626lVj9j1yEPW33H5H+lBQpZMP1k8l+78Ha0A==
    dependencies:
      fill-range "^7.0.1"
  
  bson@^4.7.2:
    version "4.7.2"
    resolved "https://registry.npmjs.org/bson/-/bson-4.7.2.tgz"
    integrity sha512-Ry9wCtIZ5kGqkJoi6aD8KjxFZEx78guTQDnpXWiNthsxzrxAK/i8E6pCHAIZTbaEFWcOCvbecMukfK7XUvyLpQ==
    dependencies:
      buffer "^5.6.0"
  
  buffer@^5.6.0:
    version "5.7.1"
    resolved "https://registry.npmjs.org/buffer/-/buffer-5.7.1.tgz"
    integrity sha512-EHcyIPBQ4BSGlvjB16k5KgAJ27CIsHY/2JBmCRReo48y9rQ3MaUzWX3KVlBa4U7MyX02HdVj0K7C3WaB3ju7FQ==
    dependencies:
      base64-js "^1.3.1"
      ieee754 "^1.1.13"
  
  bytes@3.1.2:
    version "3.1.2"
    resolved "https://registry.npmjs.org/bytes/-/bytes-3.1.2.tgz"
    integrity sha512-/Nf7TyzTx6S3yRJObOAV7956r8cr2+Oj8AC5dt8wSP3BQAoeX58NoHyCU8P8zGkNXStjTSi6fzO6F0pBdcYbEg==
  
  call-bind@^1.0.0:
    version "1.0.2"
    resolved "https://registry.npmjs.org/call-bind/-/call-bind-1.0.2.tgz"
    integrity sha512-7O+FbCihrB5WGbFYesctwmTKae6rOiIzmz1icreWJ+0aA7LJfuqhEso2T9ncpcFtzMQtzXf2QGGueWJGTYsqrA==
    dependencies:
      function-bind "^1.1.1"
      get-intrinsic "^1.0.2"
  
  chokidar@^3.5.2:
    version "3.5.3"
    resolved "https://registry.npmjs.org/chokidar/-/chokidar-3.5.3.tgz"
    integrity sha512-Dr3sfKRP6oTcjf2JmUmFJfeVMvXBdegxB0iVQ5eb2V10uFJUCAS8OByZdVAyVb8xXNz3GjjTgj9kLWsZTqE6kw==
    dependencies:
      anymatch "~3.1.2"
      braces "~3.0.2"
      glob-parent "~5.1.2"
      is-binary-path "~2.1.0"
      is-glob "~4.0.1"
      normalize-path "~3.0.0"
      readdirp "~3.6.0"
    optionalDependencies:
      fsevents "~2.3.2"
  
  component-bind@1.0.0:
    version "1.0.0"
    resolved "https://registry.yarnpkg.com/component-bind/-/component-bind-1.0.0.tgz#00c608ab7dcd93897c0009651b1d3a8e1e73bbd1"
    integrity sha512-WZveuKPeKAG9qY+FkYDeADzdHyTYdIboXS59ixDeRJL5ZhxpqUnxSOwop4FQjMsiYm3/Or8cegVbpAHNA7pHxw==
  
  component-emitter@1.2.1:
    version "1.2.1"
    resolved "https://registry.yarnpkg.com/component-emitter/-/component-emitter-1.2.1.tgz#137918d6d78283f7df7a6b7c5a63e140e69425e6"
    integrity sha512-jPatnhd33viNplKjqXKRkGU345p263OIWzDL2wH3LGIGp5Kojo+uXizHmOADRvhGFFTnJqX3jBAKP6vvmSDKcA==
  
  component-emitter@~1.3.0:
    version "1.3.0"
    resolved "https://registry.yarnpkg.com/component-emitter/-/component-emitter-1.3.0.tgz#16e4070fba8ae29b679f2215853ee181ab2eabc0"
    integrity sha512-Rd3se6QB+sO1TwqZjscQrurpEPIfO0/yYnSin6Q/rD3mOutHvUrCAhJub3r90uNb+SESBuE0QYoB90YdfatsRg==
  
  component-inherit@0.0.3:
    version "0.0.3"
    resolved "https://registry.yarnpkg.com/component-inherit/-/component-inherit-0.0.3.tgz#645fc4adf58b72b649d5cae65135619db26ff143"
    integrity sha512-w+LhYREhatpVqTESyGFg3NlP6Iu0kEKUHETY9GoZP/pQyW4mHFZuFWRUCIqVPZ36ueVLtoOEZaAqbCF2RDndaA==
  
  concat-map@0.0.1:
    version "0.0.1"
    resolved "https://registry.npmjs.org/concat-map/-/concat-map-0.0.1.tgz"
    integrity sha512-/Srv4dswyQNBfohGpz9o6Yb3Gz3SrUDqBH5rTuhGR7ahtlbYKnVxw2bCFMRljaA7EXHaXZ8wsHdodFvbkhKmqg==
  
  content-disposition@0.5.4:
    version "0.5.4"
    resolved "https://registry.npmjs.org/content-disposition/-/content-disposition-0.5.4.tgz"
    integrity sha512-FveZTNuGw04cxlAiWbzi6zTAL/lhehaWbTtgluJh4/E95DqMwTmha3KZN1aAWA8cFIhHzMZUvLevkw5Rqk+tSQ==
    dependencies:
      safe-buffer "5.2.1"
  
  content-type@~1.0.4, content-type@~1.0.5:
    version "1.0.5"
    resolved "https://registry.npmjs.org/content-type/-/content-type-1.0.5.tgz"
    integrity sha512-nTjqfcBFEipKdXCv4YDQWCfmcLZKm81ldF0pAopTvyrFGVbcR6P/VAAd5G7N+0tTr8QqiU0tFadD6FK4NtJwOA==
  
  cookie-signature@1.0.6:
    version "1.0.6"
    resolved "https://registry.npmjs.org/cookie-signature/-/cookie-signature-1.0.6.tgz"
    integrity sha512-QADzlaHc8icV8I7vbaJXJwod9HWYp8uCqf1xa4OfNu1T7JVxQIrUgOWtHdNDtPiywmFbiS12VjotIXLrKM3orQ==
  
  cookie@0.5.0:
    version "0.5.0"
    resolved "https://registry.npmjs.org/cookie/-/cookie-0.5.0.tgz"
    integrity sha512-YZ3GUyn/o8gfKJlnlX7g7xq4gyO6OSuhGPKaaGssGB2qgDUS0gPgtTvoyZLTt9Ab6dC4hfc9dV5arkvc/OCmrw==
  
  cookie@~0.4.1:
    version "0.4.2"
    resolved "https://registry.npmjs.org/cookie/-/cookie-0.4.2.tgz"
    integrity sha512-aSWTXFzaKWkvHO1Ny/s+ePFpvKsPnjc551iI41v3ny/ow6tBG5Vd+FuqGNhh1LxOmVzOlGUriIlOaokOvhaStA==
  
  cors@^2.8.5:
    version "2.8.5"
    resolved "https://registry.npmjs.org/cors/-/cors-2.8.5.tgz"
    integrity sha512-KIHbLJqu73RGr/hnbrO9uBeixNGuvSQjul/jdFvS/KFSIH1hWVd1ng7zOHx+YrEfInLG7q4n6GHQ9cDtxv/P6g==
    dependencies:
      object-assign "^4"
      vary "^1"
  
  debug@2.6.9:
    version "2.6.9"
    resolved "https://registry.npmjs.org/debug/-/debug-2.6.9.tgz"
    integrity sha512-bC7ElrdJaJnPbAP+1EotYvqZsb3ecl5wi6Bfi6BJTUcNowp6cvspg0jXznRTKDjm/E7AdgFBVeAPVMNcKGsHMA==
    dependencies:
      ms "2.0.0"
  
  debug@4.x:
    version "4.3.4"
    resolved "https://registry.npmjs.org/debug/-/debug-4.3.4.tgz"
    integrity sha512-PRWFHuSU3eDtQJPvnNY7Jcket1j0t5OuOsFzPPzsekD52Zl8qUfFIPEiswXqIvHWGVHOgX+7G/vCNNhehwxfkQ==
    dependencies:
      ms "2.1.2"
  
  debug@^3.2.7:
    version "3.2.7"
    resolved "https://registry.npmjs.org/debug/-/debug-3.2.7.tgz"
    integrity sha512-CFjzYYAi4ThfiQvizrFQevTTXHtnCqWfe7x1AhgEscTz6ZbLbfoLRLPugTQyBth6f8ZERVUSyWHFD/7Wu4t1XQ==
    dependencies:
      ms "^2.1.1"
  
  debug@~3.1.0:
    version "3.1.0"
    resolved "https://registry.yarnpkg.com/debug/-/debug-3.1.0.tgz#5bb5a0672628b64149566ba16819e61518c67261"
    integrity sha512-OX8XqP7/1a9cqkxYw2yXss15f26NKWBpDXQd0/uK/KPqdQhxbPa994hnzjcE2VqQpDslf55723cKPUOGSmMY3g==
    dependencies:
      ms "2.0.0"
  
  debug@~4.1.0:
    version "4.1.1"
    resolved "https://registry.yarnpkg.com/debug/-/debug-4.1.1.tgz#3b72260255109c6b589cee050f1d516139664791"
    integrity sha512-pYAIzeRo8J6KPEaJ0VWOh5Pzkbw/RetuzehGM7QRRX5he4fPHx2rdKMB256ehJCkX+XRQm16eZLqLNS8RSZXZw==
    dependencies:
      ms "^2.1.1"
  
  depd@2.0.0:
    version "2.0.0"
    resolved "https://registry.npmjs.org/depd/-/depd-2.0.0.tgz"
    integrity sha512-g7nH6P6dyDioJogAAGprGpCtVImJhpPk/roCzdb3fIh61/s/nPsfR6onyMwkCAR/OlC3yBC0lESvUoQEAssIrw==
  
  destroy@1.2.0:
    version "1.2.0"
    resolved "https://registry.npmjs.org/destroy/-/destroy-1.2.0.tgz"
    integrity sha512-2sJGJTaXIIaR1w4iJSNoN0hnMY7Gpc/n8D4qSCJw8QqFWXf7cuAgnEHxBpweaVcPevC2l3KpjYCx3NypQQgaJg==
  
  ee-first@1.1.1:
    version "1.1.1"
    resolved "https://registry.npmjs.org/ee-first/-/ee-first-1.1.1.tgz"
    integrity sha512-WMwm9LhRUo+WUaRN+vRuETqG89IgZphVSNkdFgeb6sS/E4OrDIN7t48CAewSHXc6C8lefD8KKfr5vY61brQlow==
  
  encodeurl@~1.0.2:
    version "1.0.2"
    resolved "https://registry.npmjs.org/encodeurl/-/encodeurl-1.0.2.tgz"
    integrity sha512-TPJXq8JqFaVYm2CWmPvnP2Iyo4ZSM7/QKcSmuMLDObfpH5fi7RUGmd/rTDf+rut/saiDiQEeVTNgAmJEdAOx0w==
  
  engine.io-client@~3.5.0:
    version "3.5.3"
    resolved "https://registry.yarnpkg.com/engine.io-client/-/engine.io-client-3.5.3.tgz#3254f61fdbd53503dc9a6f9d46a52528871ca0d7"
    integrity sha512-qsgyc/CEhJ6cgMUwxRRtOndGVhIu5hpL5tR4umSpmX/MvkFoIxUTM7oFMDQumHNzlNLwSVy6qhstFPoWTf7dOw==
    dependencies:
      component-emitter "~1.3.0"
      component-inherit "0.0.3"
      debug "~3.1.0"
      engine.io-parser "~2.2.0"
      has-cors "1.1.0"
      indexof "0.0.1"
      parseqs "0.0.6"
      parseuri "0.0.6"
      ws "~7.4.2"
      xmlhttprequest-ssl "~1.6.2"
      yeast "0.1.2"
  
  engine.io-parser@~2.2.0:
    version "2.2.1"
    resolved "https://registry.yarnpkg.com/engine.io-parser/-/engine.io-parser-2.2.1.tgz#57ce5611d9370ee94f99641b589f94c97e4f5da7"
    integrity sha512-x+dN/fBH8Ro8TFwJ+rkB2AmuVw9Yu2mockR/p3W8f8YtExwFgDvBDi0GWyb4ZLkpahtDGZgtr3zLovanJghPqg==
    dependencies:
      after "0.8.2"
      arraybuffer.slice "~0.0.7"
      base64-arraybuffer "0.1.4"
      blob "0.0.5"
      has-binary2 "~1.0.2"
  
  engine.io@~3.6.0:
    version "3.6.1"
    resolved "https://registry.yarnpkg.com/engine.io/-/engine.io-3.6.1.tgz#7ca4c7779c20865e30d208751bde08ca1e800256"
    integrity sha512-dfs8EVg/i7QjFsXxn7cCRQ+Wai1G1TlEvHhdYEi80fxn5R1vZ2K661O6v/rezj1FP234SZ14r9CmJke99iYDGg==
    dependencies:
      accepts "~1.3.4"
      base64id "2.0.0"
      cookie "~0.4.1"
      debug "~4.1.0"
      engine.io-parser "~2.2.0"
      ws "~7.4.2"
  
  escape-html@~1.0.3:
    version "1.0.3"
    resolved "https://registry.npmjs.org/escape-html/-/escape-html-1.0.3.tgz"
    integrity sha512-NiSupZ4OeuGwr68lGIeym/ksIZMJodUGOSCZ/FSnTxcrekbvqrgdUxlJOMpijaKZVjAJrWrGs/6Jy8OMuyj9ow==
  
  etag@~1.8.1:
    version "1.8.1"
    resolved "https://registry.npmjs.org/etag/-/etag-1.8.1.tgz"
    integrity sha512-aIL5Fx7mawVa300al2BnEE4iNvo1qETxLrPI/o05L7z6go7fCw1J6EQmbK4FmJ2AS7kgVF/KEZWufBfdClMcPg==
  
  express@^4.18.1:
    version "4.18.2"
    resolved "https://registry.npmjs.org/express/-/express-4.18.2.tgz"
    integrity sha512-5/PsL6iGPdfQ/lKM1UuielYgv3BUoJfz1aUwU9vHZ+J7gyvwdQXFEBIEIaxeGf0GIcreATNyBExtalisDbuMqQ==
    dependencies:
      accepts "~1.3.8"
      array-flatten "1.1.1"
      body-parser "1.20.1"
      content-disposition "0.5.4"
      content-type "~1.0.4"
      cookie "0.5.0"
      cookie-signature "1.0.6"
      debug "2.6.9"
      depd "2.0.0"
      encodeurl "~1.0.2"
      escape-html "~1.0.3"
      etag "~1.8.1"
      finalhandler "1.2.0"
      fresh "0.5.2"
      http-errors "2.0.0"
      merge-descriptors "1.0.1"
      methods "~1.1.2"
      on-finished "2.4.1"
      parseurl "~1.3.3"
      path-to-regexp "0.1.7"
      proxy-addr "~2.0.7"
      qs "6.11.0"
      range-parser "~1.2.1"
      safe-buffer "5.2.1"
      send "0.18.0"
      serve-static "1.15.0"
      setprototypeof "1.2.0"
      statuses "2.0.1"
      type-is "~1.6.18"
      utils-merge "1.0.1"
      vary "~1.1.2"
  
  fast-xml-parser@4.1.2:
    version "4.1.2"
    resolved "https://registry.npmjs.org/fast-xml-parser/-/fast-xml-parser-4.1.2.tgz"
    integrity sha512-CDYeykkle1LiA/uqQyNwYpFbyF6Axec6YapmpUP+/RHWIoR1zKjocdvNaTsxCxZzQ6v9MLXaSYm9Qq0thv0DHg==
    dependencies:
      strnum "^1.0.5"
  
  fill-range@^7.0.1:
    version "7.0.1"
    resolved "https://registry.npmjs.org/fill-range/-/fill-range-7.0.1.tgz"
    integrity sha512-qOo9F+dMUmC2Lcb4BbVvnKJxTPjCm+RRpe4gDuGrzkL7mEVl/djYSu2OdQ2Pa302N4oqkSg9ir6jaLWJ2USVpQ==
    dependencies:
      to-regex-range "^5.0.1"
  
  finalhandler@1.2.0:
    version "1.2.0"
    resolved "https://registry.npmjs.org/finalhandler/-/finalhandler-1.2.0.tgz"
    integrity sha512-5uXcUVftlQMFnWC9qu/svkWv3GTd2PfUhK/3PLkYNAe7FbqJMt3515HaxE6eRL74GdsriiwujiawdaB1BpEISg==
    dependencies:
      debug "2.6.9"
      encodeurl "~1.0.2"
      escape-html "~1.0.3"
      on-finished "2.4.1"
      parseurl "~1.3.3"
      statuses "2.0.1"
      unpipe "~1.0.0"
  
  forwarded@0.2.0:
    version "0.2.0"
    resolved "https://registry.npmjs.org/forwarded/-/forwarded-0.2.0.tgz"
    integrity sha512-buRG0fpBtRHSTCOASe6hD258tEubFoRLb4ZNA6NxMVHNw2gOcwHo9wyablzMzOA5z9xA9L1KNjk/Nt6MT9aYow==
  
  fresh@0.5.2:
    version "0.5.2"
    resolved "https://registry.npmjs.org/fresh/-/fresh-0.5.2.tgz"
    integrity sha512-zJ2mQYM18rEFOudeV4GShTGIQ7RbzA7ozbU9I/XBpm7kqgMywgmylMwXHxZJmkVoYkna9d2pVXVXPdYTP9ej8Q==
  
  fsevents@~2.3.2:
    version "2.3.2"
    resolved "https://registry.yarnpkg.com/fsevents/-/fsevents-2.3.2.tgz#8a526f78b8fdf4623b709e0b975c52c24c02fd1a"
    integrity sha512-xiqMQR4xAeHTuB9uWm+fFRcIOgKBMiOBP+eXiyT7jsgVCq1bkVygt00oASowB7EdtpOHaaPgKt812P9ab+DDKA==
  
  function-bind@^1.1.1:
    version "1.1.1"
    resolved "https://registry.npmjs.org/function-bind/-/function-bind-1.1.1.tgz"
    integrity sha512-yIovAzMX49sF8Yl58fSCWJ5svSLuaibPxXQJFLmBObTuCr0Mf1KiPopGM9NiFjiYBCbfaa2Fh6breQ6ANVTI0A==
  
  get-intrinsic@^1.0.2:
    version "1.2.1"
    resolved "https://registry.npmjs.org/get-intrinsic/-/get-intrinsic-1.2.1.tgz"
    integrity sha512-2DcsyfABl+gVHEfCOaTrWgyt+tb6MSEGmKq+kI5HwLbIYgjgmMcV8KQ41uaKz1xxUcn9tJtgFbQUEVcEbd0FYw==
    dependencies:
      function-bind "^1.1.1"
      has "^1.0.3"
      has-proto "^1.0.1"
      has-symbols "^1.0.3"
  
  glob-parent@~5.1.2:
    version "5.1.2"
    resolved "https://registry.npmjs.org/glob-parent/-/glob-parent-5.1.2.tgz"
    integrity sha512-AOIgSQCepiJYwP3ARnGx+5VnTu2HBYdzbGP45eLw1vr3zB3vZLeyed1sC9hnbcOc9/SrMyM5RPQrkGz4aS9Zow==
    dependencies:
      is-glob "^4.0.1"
  
  has-binary2@~1.0.2:
    version "1.0.3"
    resolved "https://registry.yarnpkg.com/has-binary2/-/has-binary2-1.0.3.tgz#7776ac627f3ea77250cfc332dab7ddf5e4f5d11d"
    integrity sha512-G1LWKhDSvhGeAQ8mPVQlqNcOB2sJdwATtZKl2pDKKHfpf/rYj24lkinxf69blJbnsvtqqNU+L3SL50vzZhXOnw==
    dependencies:
      isarray "2.0.1"
  
  has-cors@1.1.0:
    version "1.1.0"
    resolved "https://registry.yarnpkg.com/has-cors/-/has-cors-1.1.0.tgz#5e474793f7ea9843d1bb99c23eef49ff126fff39"
    integrity sha512-g5VNKdkFuUuVCP9gYfDJHjK2nqdQJ7aDLTnycnc2+RvsOQbuLdF5pm7vuE5J76SEBIQjs4kQY/BWq74JUmjbXA==
  
  has-flag@^3.0.0:
    version "3.0.0"
    resolved "https://registry.npmjs.org/has-flag/-/has-flag-3.0.0.tgz"
    integrity sha512-sKJf1+ceQBr4SMkvQnBDNDtf4TXpVhVGateu0t918bl30FnbE2m4vNLX+VWe/dpjlb+HugGYzW7uQXH98HPEYw==
  
  has-proto@^1.0.1:
    version "1.0.1"
    resolved "https://registry.npmjs.org/has-proto/-/has-proto-1.0.1.tgz"
    integrity sha512-7qE+iP+O+bgF9clE5+UoBFzE65mlBiVj3tKCrlNQ0Ogwm0BjpT/gK4SlLYDMybDh5I3TCTKnPPa0oMG7JDYrhg==
  
  has-symbols@^1.0.3:
    version "1.0.3"
    resolved "https://registry.npmjs.org/has-symbols/-/has-symbols-1.0.3.tgz"
    integrity sha512-l3LCuF6MgDNwTDKkdYGEihYjt5pRPbEg46rtlmnSPlUbgmB8LOIrKJbYYFBSbnPaJexMKtiPO8hmeRjRz2Td+A==
  
  has@^1.0.3:
    version "1.0.3"
    resolved "https://registry.npmjs.org/has/-/has-1.0.3.tgz"
    integrity sha512-f2dvO0VU6Oej7RkWJGrehjbzMAjFp5/VKPp5tTpWIV4JHHZK1/BxbFRtf/siA2SWTe09caDmVtYYzWEIbBS4zw==
    dependencies:
      function-bind "^1.1.1"
  
  http-errors@2.0.0:
    version "2.0.0"
    resolved "https://registry.npmjs.org/http-errors/-/http-errors-2.0.0.tgz"
    integrity sha512-FtwrG/euBzaEjYeRqOgly7G0qviiXoJWnvEH2Z1plBdXgbyjv34pHTSb9zoeHMyDy33+DWy5Wt9Wo+TURtOYSQ==
    dependencies:
      depd "2.0.0"
      inherits "2.0.4"
      setprototypeof "1.2.0"
      statuses "2.0.1"
      toidentifier "1.0.1"
  
  iconv-lite@0.4.24:
    version "0.4.24"
    resolved "https://registry.npmjs.org/iconv-lite/-/iconv-lite-0.4.24.tgz"
    integrity sha512-v3MXnZAcvnywkTUEZomIActle7RXXeedOR31wwl7VlyoXO4Qi9arvSenNQWne1TcRwhCL1HwLI21bEqdpj8/rA==
    dependencies:
      safer-buffer ">= 2.1.2 < 3"
  
  ieee754@^1.1.13:
    version "1.2.1"
    resolved "https://registry.npmjs.org/ieee754/-/ieee754-1.2.1.tgz"
    integrity sha512-dcyqhDvX1C46lXZcVqCpK+FtMRQVdIMN6/Df5js2zouUsqG7I6sFxitIC+7KYK29KdXOLHdu9zL4sFnoVQnqaA==
  
  ignore-by-default@^1.0.1:
    version "1.0.1"
    resolved "https://registry.npmjs.org/ignore-by-default/-/ignore-by-default-1.0.1.tgz"
    integrity sha512-Ius2VYcGNk7T90CppJqcIkS5ooHUZyIQK+ClZfMfMNFEF9VSE73Fq+906u/CWu92x4gzZMWOwfFYckPObzdEbA==
  
  indexof@0.0.1:
    version "0.0.1"
    resolved "https://registry.yarnpkg.com/indexof/-/indexof-0.0.1.tgz#82dc336d232b9062179d05ab3293a66059fd435d"
    integrity sha512-i0G7hLJ1z0DE8dsqJa2rycj9dBmNKgXBvotXtZYXakU9oivfB9Uj2ZBC27qqef2U58/ZLwalxa1X/RDCdkHtVg==
  
  inherits@2.0.4:
    version "2.0.4"
    resolved "https://registry.npmjs.org/inherits/-/inherits-2.0.4.tgz"
    integrity sha512-k/vGaX4/Yla3WzyMCvTQOXYeIHvqOKtnqBduzTHpzpQZzAskKMhZ2K+EnBiSM9zGSoIFeMpXKxa4dYeZIQqewQ==
  
  ip@^2.0.0:
    version "2.0.0"
    resolved "https://registry.npmjs.org/ip/-/ip-2.0.0.tgz"
    integrity sha512-WKa+XuLG1A1R0UWhl2+1XQSi+fZWMsYKffMZTTYsiZaUD8k2yDAj5atimTUD2TZkyCkNEeYE5NhFZmupOGtjYQ==
  
  ipaddr.js@1.9.1:
    version "1.9.1"
    resolved "https://registry.npmjs.org/ipaddr.js/-/ipaddr.js-1.9.1.tgz"
    integrity sha512-0KI/607xoxSToH7GjN1FfSbLoU0+btTicjsQSWQlh/hZykN8KpmMf7uYwPW3R+akZ6R/w18ZlXSHBYXiYUPO3g==
  
  is-binary-path@~2.1.0:
    version "2.1.0"
    resolved "https://registry.npmjs.org/is-binary-path/-/is-binary-path-2.1.0.tgz"
    integrity sha512-ZMERYes6pDydyuGidse7OsHxtbI7WVeUEozgR/g7rd0xUimYNlvZRE/K2MgZTjWy725IfelLeVcEM97mmtRGXw==
    dependencies:
      binary-extensions "^2.0.0"
  
  is-extglob@^2.1.1:
    version "2.1.1"
    resolved "https://registry.npmjs.org/is-extglob/-/is-extglob-2.1.1.tgz"
    integrity sha512-SbKbANkN603Vi4jEZv49LeVJMn4yGwsbzZworEoyEiutsN3nJYdbO36zfhGJ6QEDpOZIFkDtnq5JRxmvl3jsoQ==
  
  is-glob@^4.0.1, is-glob@~4.0.1:
    version "4.0.3"
    resolved "https://registry.npmjs.org/is-glob/-/is-glob-4.0.3.tgz"
    integrity sha512-xelSayHH36ZgE7ZWhli7pW34hNbNl8Ojv5KVmkJD4hBdD3th8Tfk9vYasLM+mXWOZhFkgZfxhLSnrwRr4elSSg==
    dependencies:
      is-extglob "^2.1.1"
  
  is-number@^7.0.0:
    version "7.0.0"
    resolved "https://registry.npmjs.org/is-number/-/is-number-7.0.0.tgz"
    integrity sha512-41Cifkg6e8TylSpdtTpeLVMqvSBEVzTttHvERD741+pnZ8ANv0004MRL43QKPDlK9cGvNp6NZWZUBlbGXYxxng==
  
  isarray@2.0.1:
    version "2.0.1"
    resolved "https://registry.yarnpkg.com/isarray/-/isarray-2.0.1.tgz#a37d94ed9cda2d59865c9f76fe596ee1f338741e"
    integrity sha512-c2cu3UxbI+b6kR3fy0nRnAhodsvR9dx7U5+znCOzdj6IfP3upFURTr0Xl5BlQZNKZjEtxrmVyfSdeE3O57smoQ==
  
  kareem@2.5.1:
    version "2.5.1"
    resolved "https://registry.npmjs.org/kareem/-/kareem-2.5.1.tgz"
    integrity sha512-7jFxRVm+jD+rkq3kY0iZDJfsO2/t4BBPeEb2qKn2lR/9KhuksYk5hxzfRYWMPV8P/x2d0kHD306YyWLzjjH+uA==
  
  media-typer@0.3.0:
    version "0.3.0"
    resolved "https://registry.npmjs.org/media-typer/-/media-typer-0.3.0.tgz"
    integrity sha512-dq+qelQ9akHpcOl/gUVRTxVIOkAJ1wR3QAvb4RsVjS8oVoFjDGTc679wJYmUmknUF5HwMLOgb5O+a3KxfWapPQ==
  
  memory-pager@^1.0.2:
    version "1.5.0"
    resolved "https://registry.npmjs.org/memory-pager/-/memory-pager-1.5.0.tgz"
    integrity sha512-ZS4Bp4r/Zoeq6+NLJpP+0Zzm0pR8whtGPf1XExKLJBAczGMnSi3It14OiNCStjQjM6NU1okjQGSxgEZN8eBYKg==
  
  merge-descriptors@1.0.1:
    version "1.0.1"
    resolved "https://registry.npmjs.org/merge-descriptors/-/merge-descriptors-1.0.1.tgz"
    integrity sha512-cCi6g3/Zr1iqQi6ySbseM1Xvooa98N0w31jzUYrXPX2xqObmFGHJ0tQ5u74H3mVh7wLouTseZyYIq39g8cNp1w==
  
  methods@~1.1.2:
    version "1.1.2"
    resolved "https://registry.npmjs.org/methods/-/methods-1.1.2.tgz"
    integrity sha512-iclAHeNqNm68zFtnZ0e+1L2yUIdvzNoauKU4WBA3VvH/vPFieF7qfRlwUZU+DA9P9bPXIS90ulxoUoCH23sV2w==
  
  mime-db@1.52.0:
    version "1.52.0"
    resolved "https://registry.npmjs.org/mime-db/-/mime-db-1.52.0.tgz"
    integrity sha512-sPU4uV7dYlvtWJxwwxHD0PuihVNiE7TyAbQ5SWxDCB9mUYvOgroQOwYQQOKPJ8CIbE+1ETVlOoK1UC2nU3gYvg==
  
  mime-types@~2.1.24, mime-types@~2.1.34:
    version "2.1.35"
    resolved "https://registry.npmjs.org/mime-types/-/mime-types-2.1.35.tgz"
    integrity sha512-ZDY+bPm5zTTF+YpCrAU9nK0UgICYPT0QtT1NZWFv4s++TNkcgVaT0g6+4R2uI4MjQjzysHB1zxuWL50hzaeXiw==
    dependencies:
      mime-db "1.52.0"
  
  mime@1.6.0:
    version "1.6.0"
    resolved "https://registry.npmjs.org/mime/-/mime-1.6.0.tgz"
    integrity sha512-x0Vn8spI+wuJ1O6S7gnbaQg8Pxh4NNHb7KSINmEWKiPE4RKOplvijn+NkmYmmRgP68mc70j2EbeTFRsrswaQeg==
  
  minimatch@^3.1.2:
    version "3.1.2"
    resolved "https://registry.npmjs.org/minimatch/-/minimatch-3.1.2.tgz"
    integrity sha512-J7p63hRiAjw1NDEww1W7i37+ByIrOWO5XQQAzZ3VOcL0PNybwpfmV/N05zFAzwQ9USyEcX6t3UO+K5aqBQOIHw==
    dependencies:
      brace-expansion "^1.1.7"
  
  mongodb-connection-string-url@^2.5.4:
    version "2.6.0"
    resolved "https://registry.npmjs.org/mongodb-connection-string-url/-/mongodb-connection-string-url-2.6.0.tgz"
    integrity sha512-WvTZlI9ab0QYtTYnuMLgobULWhokRjtC7db9LtcVfJ+Hsnyr5eo6ZtNAt3Ly24XZScGMelOcGtm7lSn0332tPQ==
    dependencies:
      "@types/whatwg-url" "^8.2.1"
      whatwg-url "^11.0.0"
  
  mongodb@4.16.0:
    version "4.16.0"
    resolved "https://registry.npmjs.org/mongodb/-/mongodb-4.16.0.tgz"
    integrity sha512-0EB113Fsucaq1wsY0dOhi1fmZOwFtLOtteQkiqOXGklvWMnSH3g2QS53f0KTP+/6qOkuoXE2JksubSZNmxeI+g==
    dependencies:
      bson "^4.7.2"
      mongodb-connection-string-url "^2.5.4"
      socks "^2.7.1"
    optionalDependencies:
      "@aws-sdk/credential-providers" "^3.186.0"
      saslprep "^1.0.3"
  
  mongoose@^6.6.5:
    version "6.11.1"
    resolved "https://registry.npmjs.org/mongoose/-/mongoose-6.11.1.tgz"
    integrity sha512-AvQ8C5ZGF6GcsQhoRg/i7pbNZpb96qLGU5ICBllckp7qMOxcfUF1nA6JstZw841BqRcE6myZ/mx9CluEESaw5Q==
    dependencies:
      bson "^4.7.2"
      kareem "2.5.1"
      mongodb "4.16.0"
      mpath "0.9.0"
      mquery "4.0.3"
      ms "2.1.3"
      sift "16.0.1"
  
  mpath@0.9.0:
    version "0.9.0"
    resolved "https://registry.npmjs.org/mpath/-/mpath-0.9.0.tgz"
    integrity sha512-ikJRQTk8hw5DEoFVxHG1Gn9T/xcjtdnOKIU1JTmGjZZlg9LST2mBLmcX3/ICIbgJydT2GOc15RnNy5mHmzfSew==
  
  mquery@4.0.3:
    version "4.0.3"
    resolved "https://registry.npmjs.org/mquery/-/mquery-4.0.3.tgz"
    integrity sha512-J5heI+P08I6VJ2Ky3+33IpCdAvlYGTSUjwTPxkAr8i8EoduPMBX2OY/wa3IKZIQl7MU4SbFk8ndgSKyB/cl1zA==
    dependencies:
      debug "4.x"
  
  ms@2.0.0:
    version "2.0.0"
    resolved "https://registry.npmjs.org/ms/-/ms-2.0.0.tgz"
    integrity sha512-Tpp60P6IUJDTuOq/5Z8cdskzJujfwqfOTkrwIwj7IRISpnkJnT6SyJ4PCPnGMoFjC9ddhal5KVIYtAt97ix05A==
  
  ms@2.1.2:
    version "2.1.2"
    resolved "https://registry.npmjs.org/ms/-/ms-2.1.2.tgz"
    integrity sha512-sGkPx+VjMtmA6MX27oA4FBFELFCZZ4S4XqeGOXCv68tT+jb3vk/RyaKWP0PTKyWtmLSM0b+adUTEvbs1PEaH2w==
  
  ms@2.1.3, ms@^2.1.1:
    version "2.1.3"
    resolved "https://registry.npmjs.org/ms/-/ms-2.1.3.tgz"
    integrity sha512-6FlzubTLZG3J2a/NVCAleEhjzq5oxgHyaCU9yYXvcLsvoVaHJq/s5xXI6/XXP6tz7R9xAOtHnSO/tXtF3WRTlA==
  
  negotiator@0.6.3:
    version "0.6.3"
    resolved "https://registry.npmjs.org/negotiator/-/negotiator-0.6.3.tgz"
    integrity sha512-+EUsqGPLsM+j/zdChZjsnX51g4XrHFOIXwfnCVPGlQk/k5giakcKsuxCObBRu6DSm9opw/O6slWbJdghQM4bBg==
  
  nodemon@2.0.20:
    version "2.0.20"
    resolved "https://registry.npmjs.org/nodemon/-/nodemon-2.0.20.tgz"
    integrity sha512-Km2mWHKKY5GzRg6i1j5OxOHQtuvVsgskLfigG25yTtbyfRGn/GNvIbRyOf1PSCKJ2aT/58TiuUsuOU5UToVViw==
    dependencies:
      chokidar "^3.5.2"
      debug "^3.2.7"
      ignore-by-default "^1.0.1"
      minimatch "^3.1.2"
      pstree.remy "^1.1.8"
      semver "^5.7.1"
      simple-update-notifier "^1.0.7"
      supports-color "^5.5.0"
      touch "^3.1.0"
      undefsafe "^2.0.5"
  
  nopt@~1.0.10:
    version "1.0.10"
    resolved "https://registry.npmjs.org/nopt/-/nopt-1.0.10.tgz"
    integrity sha512-NWmpvLSqUrgrAC9HCuxEvb+PSloHpqVu+FqcO4eeF2h5qYRhA7ev6KvelyQAKtegUbC6RypJnlEOhd8vloNKYg==
    dependencies:
      abbrev "1"
  
  normalize-path@^3.0.0, normalize-path@~3.0.0:
    version "3.0.0"
    resolved "https://registry.npmjs.org/normalize-path/-/normalize-path-3.0.0.tgz"
    integrity sha512-6eZs5Ls3WtCisHWp9S2GUy8dqkpGi4BVSz3GaqiE6ezub0512ESztXUwUB6C6IKbQkY2Pnb/mD4WYojCRwcwLA==
  
  object-assign@^4:
    version "4.1.1"
    resolved "https://registry.npmjs.org/object-assign/-/object-assign-4.1.1.tgz"
    integrity sha512-rJgTQnkUnH1sFw8yT6VSU3zD3sWmu6sZhIseY8VX+GRu3P6F7Fu+JNDoXfklElbLJSnc3FUQHVe4cU5hj+BcUg==
  
  object-inspect@^1.9.0:
    version "1.12.3"
    resolved "https://registry.npmjs.org/object-inspect/-/object-inspect-1.12.3.tgz"
    integrity sha512-geUvdk7c+eizMNUDkRpW1wJwgfOiOeHbxBR/hLXK1aT6zmVSO0jsQcs7fj6MGw89jC/cjGfLcNOrtMYtGqm81g==
  
  on-finished@2.4.1:
    version "2.4.1"
    resolved "https://registry.npmjs.org/on-finished/-/on-finished-2.4.1.tgz"
    integrity sha512-oVlzkg3ENAhCk2zdv7IJwd/QUD4z2RxRwpkcGY8psCVcCYZNq4wYnVWALHM+brtuJjePWiYF/ClmuDr8Ch5+kg==
    dependencies:
      ee-first "1.1.1"
  
  parseqs@0.0.6:
    version "0.0.6"
    resolved "https://registry.yarnpkg.com/parseqs/-/parseqs-0.0.6.tgz#8e4bb5a19d1cdc844a08ac974d34e273afa670d5"
    integrity sha512-jeAGzMDbfSHHA091hr0r31eYfTig+29g3GKKE/PPbEQ65X0lmMwlEoqmhzu0iztID5uJpZsFlUPDP8ThPL7M8w==
  
  parseuri@0.0.6:
    version "0.0.6"
    resolved "https://registry.yarnpkg.com/parseuri/-/parseuri-0.0.6.tgz#e1496e829e3ac2ff47f39a4dd044b32823c4a25a"
    integrity sha512-AUjen8sAkGgao7UyCX6Ahv0gIK2fABKmYjvP4xmy5JaKvcbTRueIqIPHLAfq30xJddqSE033IOMUSOMCcK3Sow==
  
  parseurl@~1.3.3:
    version "1.3.3"
    resolved "https://registry.npmjs.org/parseurl/-/parseurl-1.3.3.tgz"
    integrity sha512-CiyeOxFT/JZyN5m0z9PfXw4SCBJ6Sygz1Dpl0wqjlhDEGGBP1GnsUVEL0p63hoG1fcj3fHynXi9NYO4nWOL+qQ==
  
  path-to-regexp@0.1.7:
    version "0.1.7"
    resolved "https://registry.npmjs.org/path-to-regexp/-/path-to-regexp-0.1.7.tgz"
    integrity sha512-5DFkuoqlv1uYQKxy8omFBeJPQcdoE07Kv2sferDCrAq1ohOU+MSDswDIbnx3YAM60qIOnYa53wBhXW0EbMonrQ==
  
  picomatch@^2.0.4, picomatch@^2.2.1:
    version "2.3.1"
    resolved "https://registry.npmjs.org/picomatch/-/picomatch-2.3.1.tgz"
    integrity sha512-JU3teHTNjmE2VCGFzuY8EXzCDVwEqB2a8fsIvwaStHhAWJEeVd1o1QD80CU6+ZdEXXSLbSsuLwJjkCBWqRQUVA==
  
  proxy-addr@~2.0.7:
    version "2.0.7"
    resolved "https://registry.npmjs.org/proxy-addr/-/proxy-addr-2.0.7.tgz"
    integrity sha512-llQsMLSUDUPT44jdrU/O37qlnifitDP+ZwrmmZcoSKyLKvtZxpyV0n2/bD/N4tBAAZ/gJEdZU7KMraoK1+XYAg==
    dependencies:
      forwarded "0.2.0"
      ipaddr.js "1.9.1"
  
  pstree.remy@^1.1.8:
    version "1.1.8"
    resolved "https://registry.npmjs.org/pstree.remy/-/pstree.remy-1.1.8.tgz"
    integrity sha512-77DZwxQmxKnu3aR542U+X8FypNzbfJ+C5XQDk3uWjWxn6151aIMGthWYRXTqT1E5oJvg+ljaa2OJi+VfvCOQ8w==
  
  punycode@^2.1.1:
    version "2.3.0"
    resolved "https://registry.npmjs.org/punycode/-/punycode-2.3.0.tgz"
    integrity sha512-rRV+zQD8tVFys26lAGR9WUuS4iUAngJScM+ZRSKtvl5tKeZ2t5bvdNFdNHBW9FWR4guGHlgmsZ1G7BSm2wTbuA==
  
  qs@6.11.0:
    version "6.11.0"
    resolved "https://registry.npmjs.org/qs/-/qs-6.11.0.tgz"
    integrity sha512-MvjoMCJwEarSbUYk5O+nmoSzSutSsTwF85zcHPQ9OrlFoZOYIjaqBAJIqIXjptyD5vThxGq52Xu/MaJzRkIk4Q==
    dependencies:
      side-channel "^1.0.4"
  
  range-parser@~1.2.1:
    version "1.2.1"
    resolved "https://registry.npmjs.org/range-parser/-/range-parser-1.2.1.tgz"
    integrity sha512-Hrgsx+orqoygnmhFbKaHE6c296J+HTAQXoxEF6gNupROmmGJRoyzfG3ccAveqCBrwr/2yxQ5BVd/GTl5agOwSg==
  
  raw-body@2.5.1:
    version "2.5.1"
    resolved "https://registry.npmjs.org/raw-body/-/raw-body-2.5.1.tgz"
    integrity sha512-qqJBtEyVgS0ZmPGdCFPWJ3FreoqvG4MVQln/kCgF7Olq95IbOp0/BWyMwbdtn4VTvkM8Y7khCQ2Xgk/tcrCXig==
    dependencies:
      bytes "3.1.2"
      http-errors "2.0.0"
      iconv-lite "0.4.24"
      unpipe "1.0.0"
  
  raw-body@2.5.2:
    version "2.5.2"
    resolved "https://registry.npmjs.org/raw-body/-/raw-body-2.5.2.tgz"
    integrity sha512-8zGqypfENjCIqGhgXToC8aB2r7YrBX+AQAfIPs/Mlk+BtPTztOvTS01NRW/3Eh60J+a48lt8qsCzirQ6loCVfA==
    dependencies:
      bytes "3.1.2"
      http-errors "2.0.0"
      iconv-lite "0.4.24"
      unpipe "1.0.0"
  
  readdirp@~3.6.0:
    version "3.6.0"
    resolved "https://registry.npmjs.org/readdirp/-/readdirp-3.6.0.tgz"
    integrity sha512-hOS089on8RduqdbhvQ5Z37A0ESjsqz6qnRcffsMU3495FuTdqSm+7bhJ29JvIOsBDEEnan5DPu9t3To9VRlMzA==
    dependencies:
      picomatch "^2.2.1"
  
  safe-buffer@5.2.1:
    version "5.2.1"
    resolved "https://registry.npmjs.org/safe-buffer/-/safe-buffer-5.2.1.tgz"
    integrity sha512-rp3So07KcdmmKbGvgaNxQSJr7bGVSVk5S9Eq1F+ppbRo70+YeaDxkw5Dd8NPN+GD6bjnYm2VuPuCXmpuYvmCXQ==
  
  "safer-buffer@>= 2.1.2 < 3":
    version "2.1.2"
    resolved "https://registry.npmjs.org/safer-buffer/-/safer-buffer-2.1.2.tgz"
    integrity sha512-YZo3K82SD7Riyi0E1EQPojLz7kpepnSQI9IyPbHHg1XXXevb5dJI7tpyN2ADxGcQbHG7vcyRHk0cbwqcQriUtg==
  
  saslprep@^1.0.3:
    version "1.0.3"
    resolved "https://registry.npmjs.org/saslprep/-/saslprep-1.0.3.tgz"
    integrity sha512-/MY/PEMbk2SuY5sScONwhUDsV2p77Znkb/q3nSVstq/yQzYJOH/Azh29p9oJLsl3LnQwSvZDKagDGBsBwSooag==
    dependencies:
      sparse-bitfield "^3.0.3"
  
  semver@^5.7.1:
    version "5.7.1"
    resolved "https://registry.npmjs.org/semver/-/semver-5.7.1.tgz"
    integrity sha512-sauaDf/PZdVgrLTNYHRtpXa1iRiKcaebiKQ1BJdpQlWH2lCvexQdX55snPFyK7QzpudqbCI0qXFfOasHdyNDGQ==
  
  semver@~7.0.0:
    version "7.0.0"
    resolved "https://registry.npmjs.org/semver/-/semver-7.0.0.tgz"
    integrity sha512-+GB6zVA9LWh6zovYQLALHwv5rb2PHGlJi3lfiqIHxR0uuwCgefcOJc59v9fv1w8GbStwxuuqqAjI9NMAOOgq1A==
  
  send@0.18.0:
    version "0.18.0"
    resolved "https://registry.npmjs.org/send/-/send-0.18.0.tgz"
    integrity sha512-qqWzuOjSFOuqPjFe4NOsMLafToQQwBSOEpS+FwEt3A2V3vKubTquT3vmLTQpFgMXp8AlFWFuP1qKaJZOtPpVXg==
    dependencies:
      debug "2.6.9"
      depd "2.0.0"
      destroy "1.2.0"
      encodeurl "~1.0.2"
      escape-html "~1.0.3"
      etag "~1.8.1"
      fresh "0.5.2"
      http-errors "2.0.0"
      mime "1.6.0"
      ms "2.1.3"
      on-finished "2.4.1"
      range-parser "~1.2.1"
      statuses "2.0.1"
  
  serve-static@1.15.0:
    version "1.15.0"
    resolved "https://registry.npmjs.org/serve-static/-/serve-static-1.15.0.tgz"
    integrity sha512-XGuRDNjXUijsUL0vl6nSD7cwURuzEgglbOaFuZM9g3kwDXOWVTck0jLzjPzGD+TazWbboZYu52/9/XPdUgne9g==
    dependencies:
      encodeurl "~1.0.2"
      escape-html "~1.0.3"
      parseurl "~1.3.3"
      send "0.18.0"
  
  setprototypeof@1.2.0:
    version "1.2.0"
    resolved "https://registry.npmjs.org/setprototypeof/-/setprototypeof-1.2.0.tgz"
    integrity sha512-E5LDX7Wrp85Kil5bhZv46j8jOeboKq5JMmYM3gVGdGH8xFpPWXUMsNrlODCrkoxMEeNi/XZIwuRvY4XNwYMJpw==
  
  side-channel@^1.0.4:
    version "1.0.4"
    resolved "https://registry.npmjs.org/side-channel/-/side-channel-1.0.4.tgz"
    integrity sha512-q5XPytqFEIKHkGdiMIrY10mvLRvnQh42/+GoBlFW3b2LXLE2xxJpZFdm94we0BaoV3RwJyGqg5wS7epxTv0Zvw==
    dependencies:
      call-bind "^1.0.0"
      get-intrinsic "^1.0.2"
      object-inspect "^1.9.0"
  
  sift@16.0.1:
    version "16.0.1"
    resolved "https://registry.npmjs.org/sift/-/sift-16.0.1.tgz"
    integrity sha512-Wv6BjQ5zbhW7VFefWusVP33T/EM0vYikCaQ2qR8yULbsilAT8/wQaXvuQ3ptGLpoKx+lihJE3y2UTgKDyyNHZQ==
  
  simple-update-notifier@^1.0.7:
    version "1.1.0"
    resolved "https://registry.npmjs.org/simple-update-notifier/-/simple-update-notifier-1.1.0.tgz"
    integrity sha512-VpsrsJSUcJEseSbMHkrsrAVSdvVS5I96Qo1QAQ4FxQ9wXFcB+pjj7FB7/us9+GcgfW4ziHtYMc1J0PLczb55mg==
    dependencies:
      semver "~7.0.0"
  
  smart-buffer@^4.2.0:
    version "4.2.0"
    resolved "https://registry.npmjs.org/smart-buffer/-/smart-buffer-4.2.0.tgz"
    integrity sha512-94hK0Hh8rPqQl2xXc3HsaBoOXKV20MToPkcXvwbISWLEs+64sBq5kFgn2kJDHb1Pry9yrP0dxrCI9RRci7RXKg==
  
  socket.io-adapter@~1.1.0:
    version "1.1.2"
    resolved "https://registry.yarnpkg.com/socket.io-adapter/-/socket.io-adapter-1.1.2.tgz#ab3f0d6f66b8fc7fca3959ab5991f82221789be9"
    integrity sha512-WzZRUj1kUjrTIrUKpZLEzFZ1OLj5FwLlAFQs9kuZJzJi5DKdU7FsWc36SNmA8iDOtwBQyT8FkrriRM8vXLYz8g==
  
  socket.io-client@2.5.0:
    version "2.5.0"
    resolved "https://registry.yarnpkg.com/socket.io-client/-/socket.io-client-2.5.0.tgz#34f486f3640dde9c2211fce885ac2746f9baf5cb"
    integrity sha512-lOO9clmdgssDykiOmVQQitwBAF3I6mYcQAo7hQ7AM6Ny5X7fp8hIJ3HcQs3Rjz4SoggoxA1OgrQyY8EgTbcPYw==
    dependencies:
      backo2 "1.0.2"
      component-bind "1.0.0"
      component-emitter "~1.3.0"
      debug "~3.1.0"
      engine.io-client "~3.5.0"
      has-binary2 "~1.0.2"
      indexof "0.0.1"
      parseqs "0.0.6"
      parseuri "0.0.6"
      socket.io-parser "~3.3.0"
      to-array "0.1.4"
  
  socket.io-parser@*, socket.io-parser@~3.4.0:
    version "3.4.3"
    resolved "https://registry.yarnpkg.com/socket.io-parser/-/socket.io-parser-3.4.3.tgz#b19bdaad38ed39fd68fba3f9d86768f667df0c29"
    integrity sha512-1rE4dZN3kCI/E5wixd393hmbqa78vVpkKmnEJhLeWoS/C5hbFYAbcSfnWoaVH43u9ToUVtzKjguxEZq+1XZfCQ==
    dependencies:
      component-emitter "1.2.1"
      debug "~4.1.0"
      isarray "2.0.1"
  
  socket.io-parser@~3.3.0:
    version "3.3.3"
    resolved "https://registry.yarnpkg.com/socket.io-parser/-/socket.io-parser-3.3.3.tgz#3a8b84823eba87f3f7624e64a8aaab6d6318a72f"
    integrity sha512-qOg87q1PMWWTeO01768Yh9ogn7chB9zkKtQnya41Y355S0UmpXgpcrFwAgjYJxu9BdKug5r5e9YtVSeWhKBUZg==
    dependencies:
      component-emitter "~1.3.0"
      debug "~3.1.0"
      isarray "2.0.1"
  
  socket.io@^2.3.0:
    version "2.5.0"
    resolved "https://registry.yarnpkg.com/socket.io/-/socket.io-2.5.0.tgz#e1c7fb1823f7fa09dfebb5bb68f9d2ee03a0a2e3"
    integrity sha512-gGunfS0od3VpwDBpGwVkzSZx6Aqo9uOcf1afJj2cKnKFAoyl16fvhpsUhmUFd4Ldbvl5JvRQed6eQw6oQp6n8w==
    dependencies:
      debug "~4.1.0"
      engine.io "~3.6.0"
      has-binary2 "~1.0.2"
      socket.io-adapter "~1.1.0"
      socket.io-client "2.5.0"
      socket.io-parser "~3.4.0"
  
  socks@^2.7.1:
    version "2.7.1"
    resolved "https://registry.npmjs.org/socks/-/socks-2.7.1.tgz"
    integrity sha512-7maUZy1N7uo6+WVEX6psASxtNlKaNVMlGQKkG/63nEDdLOWNbiUMoLK7X4uYoLhQstau72mLgfEWcXcwsaHbYQ==
    dependencies:
      ip "^2.0.0"
      smart-buffer "^4.2.0"
  
  sparse-bitfield@^3.0.3:
    version "3.0.3"
    resolved "https://registry.npmjs.org/sparse-bitfield/-/sparse-bitfield-3.0.3.tgz"
    integrity sha512-kvzhi7vqKTfkh0PZU+2D2PIllw2ymqJKujUcyPMd9Y75Nv4nPbGJZXNhxsgdQab2BmlDct1YnfQCguEvHr7VsQ==
    dependencies:
      memory-pager "^1.0.2"
  
  statuses@2.0.1:
    version "2.0.1"
    resolved "https://registry.npmjs.org/statuses/-/statuses-2.0.1.tgz"
    integrity sha512-RwNA9Z/7PrK06rYLIzFMlaF+l73iwpzsqRIFgbMLbTcLD6cOao82TaWefPXQvB2fOC4AjuYSEndS7N/mTCbkdQ==
  
  strnum@^1.0.5:
    version "1.0.5"
    resolved "https://registry.npmjs.org/strnum/-/strnum-1.0.5.tgz"
    integrity sha512-J8bbNyKKXl5qYcR36TIO8W3mVGVHrmmxsd5PAItGkmyzwJvybiw2IVq5nqd0i4LSNSkB/sx9VHllbfFdr9k1JA==
  
  supports-color@^5.5.0:
    version "5.5.0"
    resolved "https://registry.npmjs.org/supports-color/-/supports-color-5.5.0.tgz"
    integrity sha512-QjVjwdXIt408MIiAqCX4oUKsgU2EqAGzs2Ppkm4aQYbjm+ZEWEcW4SfFNTr4uMNZma0ey4f5lgLrkB0aX0QMow==
    dependencies:
      has-flag "^3.0.0"
  
  to-array@0.1.4:
    version "0.1.4"
    resolved "https://registry.yarnpkg.com/to-array/-/to-array-0.1.4.tgz#17e6c11f73dd4f3d74cda7a4ff3238e9ad9bf890"
    integrity sha512-LhVdShQD/4Mk4zXNroIQZJC+Ap3zgLcDuwEdcmLv9CCO73NWockQDwyUnW/m8VX/EElfL6FcYx7EeutN4HJA6A==
  
  to-regex-range@^5.0.1:
    version "5.0.1"
    resolved "https://registry.npmjs.org/to-regex-range/-/to-regex-range-5.0.1.tgz"
    integrity sha512-65P7iz6X5yEr1cwcgvQxbbIw7Uk3gOy5dIdtZ4rDveLqhrdJP+Li/Hx6tyK0NEb+2GCyneCMJiGqrADCSNk8sQ==
    dependencies:
      is-number "^7.0.0"
  
  toidentifier@1.0.1:
    version "1.0.1"
    resolved "https://registry.npmjs.org/toidentifier/-/toidentifier-1.0.1.tgz"
    integrity sha512-o5sSPKEkg/DIQNmH43V0/uerLrpzVedkUh8tGNvaeXpfpuwjKenlSox/2O/BTlZUtEe+JG7s5YhEz608PlAHRA==
  
  touch@^3.1.0:
    version "3.1.0"
    resolved "https://registry.npmjs.org/touch/-/touch-3.1.0.tgz"
    integrity sha512-WBx8Uy5TLtOSRtIq+M03/sKDrXCLHxwDcquSP2c43Le03/9serjQBIztjRz6FkJez9D/hleyAXTBGLwwZUw9lA==
    dependencies:
      nopt "~1.0.10"
  
  tr46@^3.0.0:
    version "3.0.0"
    resolved "https://registry.npmjs.org/tr46/-/tr46-3.0.0.tgz"
    integrity sha512-l7FvfAHlcmulp8kr+flpQZmVwtu7nfRV7NZujtN0OqES8EL4O4e0qqzL0DC5gAvx/ZC/9lk6rhcUwYvkBnBnYA==
    dependencies:
      punycode "^2.1.1"
  
  tslib@^1.11.1:
    version "1.14.1"
    resolved "https://registry.npmjs.org/tslib/-/tslib-1.14.1.tgz"
    integrity sha512-Xni35NKzjgMrwevysHTCArtLDpPvye8zV/0E4EyYn43P7/7qvQwPh9BGkHewbMulVntbigmcT7rdX3BNo9wRJg==
  
  tslib@^2.3.1, tslib@^2.5.0:
    version "2.5.2"
    resolved "https://registry.npmjs.org/tslib/-/tslib-2.5.2.tgz"
    integrity sha512-5svOrSA2w3iGFDs1HibEVBGbDrAY82bFQ3HZ3ixB+88nsbsWQoKqDRb5UBYAUPEzbBn6dAp5gRNXglySbx1MlA==
  
  type-is@~1.6.18:
    version "1.6.18"
    resolved "https://registry.npmjs.org/type-is/-/type-is-1.6.18.tgz"
    integrity sha512-TkRKr9sUTxEH8MdfuCSP7VizJyzRNMjj2J2do2Jr3Kym598JVdEksuzPQCnlFPW4ky9Q+iA+ma9BGm06XQBy8g==
    dependencies:
      media-typer "0.3.0"
      mime-types "~2.1.24"
  
  typescript@^5.0.4:
    version "5.0.4"
    resolved "https://registry.npmjs.org/typescript/-/typescript-5.0.4.tgz"
    integrity sha512-cW9T5W9xY37cc+jfEnaUvX91foxtHkza3Nw3wkoF4sSlKn0MONdkdEndig/qPBWXNkmplh3NzayQzCiHM4/hqw==
  
  undefsafe@^2.0.5:
    version "2.0.5"
    resolved "https://registry.npmjs.org/undefsafe/-/undefsafe-2.0.5.tgz"
    integrity sha512-WxONCrssBM8TSPRqN5EmsjVrsv4A8X12J4ArBiiayv3DyyG3ZlIg6yysuuSYdZsVz3TKcTg2fd//Ujd4CHV1iA==
  
  unpipe@1.0.0, unpipe@~1.0.0:
    version "1.0.0"
    resolved "https://registry.npmjs.org/unpipe/-/unpipe-1.0.0.tgz"
    integrity sha512-pjy2bYhSsufwWlKwPc+l3cN7+wuJlK6uz0YdJEOlQDbl6jo/YlPi4mb8agUkVC8BF7V8NuzeyPNqRksA3hztKQ==
  
  utils-merge@1.0.1:
    version "1.0.1"
    resolved "https://registry.npmjs.org/utils-merge/-/utils-merge-1.0.1.tgz"
    integrity sha512-pMZTvIkT1d+TFGvDOqodOclx0QWkkgi6Tdoa8gC8ffGAAqz9pzPTZWAybbsHHoED/ztMtkv/VoYTYyShUn81hA==
  
  uuid@^8.3.2:
    version "8.3.2"
    resolved "https://registry.npmjs.org/uuid/-/uuid-8.3.2.tgz"
    integrity sha512-+NYs2QeMWy+GWFOEm9xnn6HCDp0l7QBD7ml8zLUmJ+93Q5NF0NocErnwkTkXVFNiX3/fpC6afS8Dhb/gz7R7eg==
  
  vary@^1, vary@~1.1.2:
    version "1.1.2"
    resolved "https://registry.npmjs.org/vary/-/vary-1.1.2.tgz"
    integrity sha512-BNGbWLfd0eUPabhkXUVm0j8uuvREyTh5ovRa/dyow/BqAbZJyC+5fU+IzQOzmAKzYqYRAISoRhdQr3eIZ/PXqg==
  
  webidl-conversions@^7.0.0:
    version "7.0.0"
    resolved "https://registry.npmjs.org/webidl-conversions/-/webidl-conversions-7.0.0.tgz"
    integrity sha512-VwddBukDzu71offAQR975unBIGqfKZpM+8ZX6ySk8nYhVoo5CYaZyzt3YBvYtRtO+aoGlqxPg/B87NGVZ/fu6g==
  
  whatwg-url@^11.0.0:
    version "11.0.0"
    resolved "https://registry.npmjs.org/whatwg-url/-/whatwg-url-11.0.0.tgz"
    integrity sha512-RKT8HExMpoYx4igMiVMY83lN6UeITKJlBQ+vR/8ZJ8OCdSiN3RwCq+9gH0+Xzj0+5IrM6i4j/6LuvzbZIQgEcQ==
    dependencies:
      tr46 "^3.0.0"
      webidl-conversions "^7.0.0"
  
  ws@~7.4.2:
    version "7.4.6"
    resolved "https://registry.yarnpkg.com/ws/-/ws-7.4.6.tgz#5654ca8ecdeee47c33a9a4bf6d28e2be2980377c"
    integrity sha512-YmhHDO4MzaDLB+M9ym/mDA5z0naX8j7SIlT8f8z+I0VtzsRbekxEutHSme7NPS2qE8StCYQNUnfWdXta/Yu85A==
  
  xmlhttprequest-ssl@~1.6.2:
    version "1.6.3"
    resolved "https://registry.yarnpkg.com/xmlhttprequest-ssl/-/xmlhttprequest-ssl-1.6.3.tgz#03b713873b01659dfa2c1c5d056065b27ddc2de6"
    integrity sha512-3XfeQE/wNkvrIktn2Kf0869fC0BN6UpydVasGIeSm2B1Llihf7/0UfZM+eCkOw3P7bP4+qPgqhm7ZoxuJtFU0Q==
  
  yeast@0.1.2:
    version "0.1.2"
    resolved "https://registry.yarnpkg.com/yeast/-/yeast-0.1.2.tgz#008e06d8094320c372dbc2f8ed76a0ca6c8ac419"
    integrity sha512-8HFIh676uyGYP6wP13R/j6OJ/1HwJ46snpvzE7aHAN3Ryqh2yX6Xox2B4CUmTwwOIzlG3Bs7ocsP5dZH/R1Qbg==
